{"level":["error"],"timestamp":"19:09:2025|12:09:61","exception":false,"message":"CREATE_MAIN_ADMIN"}
{"level":["error"],"timestamp":"19:09:2025|12:09:62","exception":false,"message":"data and salt arguments required"}
{"level":["info"],"timestamp":"19:09:2025|12:09:62","exception":false,"message":"MongoDB connected"}
{"level":["warn"],"timestamp":"19:09:2025|12:09:32","exception":false,"message":"MongoDB Disconnecting"}
{"level":["error"],"timestamp":"19:09:2025|12:09:23","exception":false,"message":"CREATE_MAIN_ADMIN"}
{"level":["error"],"timestamp":"19:09:2025|12:09:23","exception":false,"message":"data and salt arguments required"}
{"level":["info"],"timestamp":"19:09:2025|12:09:23","exception":false,"message":"MongoDB connected"}
{"level":["error"],"timestamp":"19:09:2025|12:09:11","exception":false,"message":"CREATE_MAIN_ADMIN"}
{"level":["error"],"timestamp":"19:09:2025|12:09:11","exception":false,"message":"data and salt arguments required"}
{"level":["info"],"timestamp":"19:09:2025|12:09:11","exception":false,"message":"MongoDB connected"}
{"level":["error"],"timestamp":"19:09:2025|12:09:81","exception":false,"message":"CREATE_MAIN_ADMIN"}
{"level":["error"],"timestamp":"19:09:2025|12:09:81","exception":false,"message":"data and salt arguments required"}
{"level":["info"],"timestamp":"19:09:2025|12:09:81","exception":false,"message":"MongoDB connected"}
{"level":["error"],"timestamp":"19:09:2025|13:09:67","exception":false,"message":"CREATE_MAIN_ADMIN"}
{"level":["error"],"timestamp":"19:09:2025|13:09:67","exception":false,"message":"data and salt arguments required"}
{"level":["info"],"timestamp":"19:09:2025|13:09:67","exception":false,"message":"MongoDB connected"}
{"level":["error"],"timestamp":"19:09:2025|13:09:55","exception":false,"message":"CREATE_MAIN_ADMIN"}
{"level":["error"],"timestamp":"19:09:2025|13:09:55","exception":false,"message":"data and salt arguments required"}
{"level":["info"],"timestamp":"19:09:2025|13:09:55","exception":false,"message":"MongoDB connected"}
{"level":["error"],"timestamp":"19:09:2025|13:09:47","exception":false,"message":"CREATE_MAIN_ADMIN"}
{"level":["error"],"timestamp":"19:09:2025|13:09:47","exception":false,"message":"data and salt arguments required"}
{"level":["info"],"timestamp":"19:09:2025|13:09:47","exception":false,"message":"MongoDB connected"}
{"level":["error"],"timestamp":"19:09:2025|14:09:42","exception":false,"message":"CREATE_MAIN_ADMIN"}
{"level":["error"],"timestamp":"19:09:2025|14:09:42","exception":false,"message":"data and salt arguments required"}
{"level":["info"],"timestamp":"19:09:2025|14:09:42","exception":false,"message":"MongoDB connected"}
{"level":["error"],"timestamp":"19:09:2025|14:09:50","exception":false,"message":"CREATE_MAIN_ADMIN"}
{"level":["error"],"timestamp":"19:09:2025|14:09:50","exception":false,"message":"data and salt arguments required"}
{"level":["info"],"timestamp":"19:09:2025|14:09:50","exception":false,"message":"MongoDB connected"}
{"level":["error"],"timestamp":"19:09:2025|14:09:23","exception":false,"message":"CREATE_MAIN_ADMIN"}
{"level":["error"],"timestamp":"19:09:2025|14:09:23","exception":false,"message":"data and salt arguments required"}
{"level":["info"],"timestamp":"19:09:2025|14:09:23","exception":false,"message":"MongoDB connected"}
{"level":["error"],"timestamp":"19:09:2025|14:09:72","exception":false,"message":"CREATE_MAIN_ADMIN"}
{"level":["error"],"timestamp":"19:09:2025|14:09:72","exception":false,"message":"data and salt arguments required"}
{"level":["info"],"timestamp":"19:09:2025|14:09:72","exception":false,"message":"MongoDB connected"}
{"level":["error"],"timestamp":"19:09:2025|14:09:46","exception":false,"message":"CREATE_MAIN_ADMIN"}
{"level":["error"],"timestamp":"19:09:2025|14:09:46","exception":false,"message":"data and salt arguments required"}
{"level":["info"],"timestamp":"19:09:2025|14:09:46","exception":false,"message":"MongoDB connected"}
{"level":["error"],"timestamp":"19:09:2025|14:09:06","exception":false,"message":"CREATE_MAIN_ADMIN"}
{"level":["error"],"timestamp":"19:09:2025|14:09:06","exception":false,"message":"data and salt arguments required"}
{"level":["info"],"timestamp":"19:09:2025|14:09:06","exception":false,"message":"MongoDB connected"}
{"level":["error"],"timestamp":"19:09:2025|14:09:23","exception":false,"message":"CREATE_MAIN_ADMIN"}
{"level":["error"],"timestamp":"19:09:2025|14:09:23","exception":false,"message":"data and salt arguments required"}
{"level":["info"],"timestamp":"19:09:2025|14:09:23","exception":false,"message":"MongoDB connected"}
{"level":["error"],"timestamp":"19:09:2025|14:09:69","exception":false,"message":"CREATE_MAIN_ADMIN"}
{"level":["error"],"timestamp":"19:09:2025|14:09:69","exception":false,"message":"data and salt arguments required"}
{"level":["info"],"timestamp":"19:09:2025|14:09:69","exception":false,"message":"MongoDB connected"}
{"level":["error"],"timestamp":"19:09:2025|14:09:53","exception":false,"message":"CREATE_MAIN_ADMIN"}
{"level":["error"],"timestamp":"19:09:2025|14:09:54","exception":false,"message":"data and salt arguments required"}
{"level":["info"],"timestamp":"19:09:2025|14:09:54","exception":false,"message":"MongoDB connected"}
{"level":["error"],"timestamp":"19:09:2025|14:09:24","exception":false,"message":"CREATE_MAIN_ADMIN"}
{"level":["error"],"timestamp":"19:09:2025|14:09:24","exception":false,"message":"data and salt arguments required"}
{"level":["info"],"timestamp":"19:09:2025|14:09:24","exception":false,"message":"MongoDB connected"}
{"level":["error"],"timestamp":"19:09:2025|14:09:64","exception":false,"message":"CREATE_MAIN_ADMIN"}
{"level":["error"],"timestamp":"19:09:2025|14:09:64","exception":false,"message":"data and salt arguments required"}
{"level":["info"],"timestamp":"19:09:2025|14:09:64","exception":false,"message":"MongoDB connected"}
{"level":["error"],"timestamp":"19:09:2025|14:09:95","exception":false,"message":"CREATE_MAIN_ADMIN"}
{"level":["error"],"timestamp":"19:09:2025|14:09:95","exception":false,"message":"data and salt arguments required"}
{"level":["info"],"timestamp":"19:09:2025|14:09:95","exception":false,"message":"MongoDB connected"}
{"level":["error"],"timestamp":"19:09:2025|14:09:10","exception":false,"message":"CREATE_MAIN_ADMIN"}
{"level":["error"],"timestamp":"19:09:2025|14:09:10","exception":false,"message":"data and salt arguments required"}
{"level":["info"],"timestamp":"19:09:2025|14:09:10","exception":false,"message":"MongoDB connected"}
{"level":["error"],"timestamp":"19:09:2025|14:09:35","exception":false,"message":"CREATE_MAIN_ADMIN"}
{"level":["error"],"timestamp":"19:09:2025|14:09:35","exception":false,"message":"data and salt arguments required"}
{"level":["info"],"timestamp":"19:09:2025|14:09:35","exception":false,"message":"MongoDB connected"}
{"level":["error"],"timestamp":"19:09:2025|14:09:25","exception":false,"message":"CREATE_MAIN_ADMIN"}
{"level":["error"],"timestamp":"19:09:2025|14:09:25","exception":false,"message":"data and salt arguments required"}
{"level":["info"],"timestamp":"19:09:2025|14:09:25","exception":false,"message":"MongoDB connected"}
{"level":["error"],"timestamp":"19:09:2025|14:09:59","exception":false,"message":"CREATE_MAIN_ADMIN"}
{"level":["error"],"timestamp":"19:09:2025|14:09:59","exception":false,"message":"data and salt arguments required"}
{"level":["info"],"timestamp":"19:09:2025|14:09:59","exception":false,"message":"MongoDB connected"}
{"level":["error"],"timestamp":"19:09:2025|14:09:56","exception":false,"message":"CREATE_MAIN_ADMIN"}
{"level":["error"],"timestamp":"19:09:2025|14:09:56","exception":false,"message":"data and salt arguments required"}
{"level":["info"],"timestamp":"19:09:2025|14:09:56","exception":false,"message":"MongoDB connected"}
{"level":["error"],"timestamp":"19:09:2025|14:09:78","exception":false,"message":"CREATE_MAIN_ADMIN"}
{"level":["error"],"timestamp":"19:09:2025|14:09:78","exception":false,"message":"data and salt arguments required"}
{"level":["info"],"timestamp":"19:09:2025|14:09:78","exception":false,"message":"MongoDB connected"}
{"level":["error"],"timestamp":"19:09:2025|14:09:72","exception":false,"message":"CREATE_MAIN_ADMIN"}
{"level":["error"],"timestamp":"19:09:2025|14:09:72","exception":false,"message":"data and salt arguments required"}
{"level":["info"],"timestamp":"19:09:2025|14:09:72","exception":false,"message":"MongoDB connected"}
{"level":["error"],"timestamp":"19:09:2025|14:09:42","exception":false,"message":"CREATE_MAIN_ADMIN"}
{"level":["error"],"timestamp":"19:09:2025|14:09:42","exception":false,"message":"data and salt arguments required"}
{"level":["info"],"timestamp":"19:09:2025|14:09:42","exception":false,"message":"MongoDB connected"}
{"level":["error"],"timestamp":"19:09:2025|14:09:71","exception":false,"message":"CREATE_MAIN_ADMIN"}
{"level":["error"],"timestamp":"19:09:2025|14:09:71","exception":false,"message":"data and salt arguments required"}
{"level":["info"],"timestamp":"19:09:2025|14:09:71","exception":false,"message":"MongoDB connected"}
{"level":["error"],"timestamp":"19:09:2025|14:09:80","exception":false,"message":"CREATE_MAIN_ADMIN"}
{"level":["error"],"timestamp":"19:09:2025|14:09:80","exception":false,"message":"data and salt arguments required"}
{"level":["info"],"timestamp":"19:09:2025|14:09:80","exception":false,"message":"MongoDB connected"}
{"level":["error"],"timestamp":"19:09:2025|14:09:27","exception":false,"message":"CREATE_MAIN_ADMIN"}
{"level":["error"],"timestamp":"19:09:2025|14:09:27","exception":false,"message":"data and salt arguments required"}
{"level":["info"],"timestamp":"19:09:2025|14:09:27","exception":false,"message":"MongoDB connected"}
{"level":["error"],"timestamp":"19:09:2025|14:09:09","exception":false,"message":"CREATE_MAIN_ADMIN"}
{"level":["error"],"timestamp":"19:09:2025|14:09:09","exception":false,"message":"data and salt arguments required"}
{"level":["info"],"timestamp":"19:09:2025|14:09:09","exception":false,"message":"MongoDB connected"}
{"level":["error"],"timestamp":"19:09:2025|14:09:93","exception":false,"message":"CREATE_MAIN_ADMIN"}
{"level":["error"],"timestamp":"19:09:2025|14:09:93","exception":false,"message":"data and salt arguments required"}
{"level":["info"],"timestamp":"19:09:2025|14:09:93","exception":false,"message":"MongoDB connected"}
{"level":["error"],"timestamp":"19:09:2025|14:09:41","exception":false,"message":"CREATE_MAIN_ADMIN"}
{"level":["error"],"timestamp":"19:09:2025|14:09:41","exception":false,"message":"data and salt arguments required"}
{"level":["info"],"timestamp":"19:09:2025|14:09:41","exception":false,"message":"MongoDB connected"}
{"level":["error"],"timestamp":"19:09:2025|14:09:96","exception":false,"message":"CREATE_MAIN_ADMIN"}
{"level":["error"],"timestamp":"19:09:2025|14:09:96","exception":false,"message":"data and salt arguments required"}
{"level":["info"],"timestamp":"19:09:2025|14:09:96","exception":false,"message":"MongoDB connected"}
{"level":["error"],"timestamp":"19:09:2025|14:09:74","exception":false,"message":"CREATE_MAIN_ADMIN"}
{"level":["error"],"timestamp":"19:09:2025|14:09:74","exception":false,"message":"data and salt arguments required"}
{"level":["info"],"timestamp":"19:09:2025|14:09:74","exception":false,"message":"MongoDB connected"}
{"level":["error"],"timestamp":"19:09:2025|14:09:72","exception":false,"message":"CREATE_MAIN_ADMIN"}
{"level":["error"],"timestamp":"19:09:2025|14:09:72","exception":false,"message":"data and salt arguments required"}
{"level":["info"],"timestamp":"19:09:2025|14:09:72","exception":false,"message":"MongoDB connected"}
{"level":["error"],"timestamp":"19:09:2025|14:09:31","exception":false,"message":"CREATE_MAIN_ADMIN"}
{"level":["error"],"timestamp":"19:09:2025|14:09:31","exception":false,"message":"data and salt arguments required"}
{"level":["info"],"timestamp":"19:09:2025|14:09:31","exception":false,"message":"MongoDB connected"}
{"level":["error"],"timestamp":"19:09:2025|14:09:07","exception":false,"message":"CREATE_MAIN_ADMIN"}
{"level":["error"],"timestamp":"19:09:2025|14:09:07","exception":false,"message":"data and salt arguments required"}
{"level":["info"],"timestamp":"19:09:2025|14:09:07","exception":false,"message":"MongoDB connected"}
{"level":["error"],"timestamp":"19:09:2025|14:09:99","exception":false,"message":"CREATE_MAIN_ADMIN"}
{"level":["error"],"timestamp":"19:09:2025|14:09:100","exception":false,"message":"data and salt arguments required"}
{"level":["info"],"timestamp":"19:09:2025|14:09:100","exception":false,"message":"MongoDB connected"}
{"level":["error"],"timestamp":"19:09:2025|14:09:81","exception":false,"message":"CREATE_MAIN_ADMIN"}
{"level":["error"],"timestamp":"19:09:2025|14:09:81","exception":false,"message":"data and salt arguments required"}
{"level":["info"],"timestamp":"19:09:2025|14:09:81","exception":false,"message":"MongoDB connected"}
{"level":["error"],"timestamp":"19:09:2025|15:09:66","exception":true,"message":"uncaughtException: express is not defined"}
{"level":["error"],"timestamp":"19:09:2025|15:09:68","exception":false,"message":"CREATE_MAIN_ADMIN"}
{"level":["error"],"timestamp":"19:09:2025|15:09:68","exception":false,"message":"data and salt arguments required"}
{"level":["info"],"timestamp":"19:09:2025|15:09:68","exception":false,"message":"MongoDB connected"}
{"level":["error"],"timestamp":"19:09:2025|15:09:73","exception":true,"message":"uncaughtException: express is not defined"}
{"level":["error"],"timestamp":"19:09:2025|15:09:75","exception":false,"message":"CREATE_MAIN_ADMIN"}
{"level":["error"],"timestamp":"19:09:2025|15:09:75","exception":false,"message":"data and salt arguments required"}
{"level":["info"],"timestamp":"19:09:2025|15:09:75","exception":false,"message":"MongoDB connected"}
{"level":["error"],"timestamp":"19:09:2025|15:09:56","exception":true,"message":"uncaughtException: express is not defined"}
{"level":["error"],"timestamp":"19:09:2025|15:09:58","exception":false,"message":"CREATE_MAIN_ADMIN"}
{"level":["error"],"timestamp":"19:09:2025|15:09:58","exception":false,"message":"data and salt arguments required"}
{"level":["info"],"timestamp":"19:09:2025|15:09:58","exception":false,"message":"MongoDB connected"}
{"level":["error"],"timestamp":"19:09:2025|15:09:02","exception":false,"message":"CREATE_MAIN_ADMIN"}
{"level":["error"],"timestamp":"19:09:2025|15:09:02","exception":false,"message":"data and salt arguments required"}
{"level":["info"],"timestamp":"19:09:2025|15:09:02","exception":false,"message":"MongoDB connected"}
{"level":["error"],"timestamp":"19:09:2025|15:09:70","exception":false,"message":"CREATE_MAIN_ADMIN"}
{"level":["error"],"timestamp":"19:09:2025|15:09:70","exception":false,"message":"data and salt arguments required"}
{"level":["info"],"timestamp":"19:09:2025|15:09:70","exception":false,"message":"MongoDB connected"}
{"level":["error"],"timestamp":"19:09:2025|15:09:69","exception":false,"message":"CREATE_MAIN_ADMIN"}
{"level":["error"],"timestamp":"19:09:2025|15:09:69","exception":false,"message":"data and salt arguments required"}
{"level":["info"],"timestamp":"19:09:2025|15:09:69","exception":false,"message":"MongoDB connected"}
{"level":["error"],"timestamp":"19:09:2025|15:09:49","exception":false,"message":"CREATE_MAIN_ADMIN"}
{"level":["error"],"timestamp":"19:09:2025|15:09:49","exception":false,"message":"data and salt arguments required"}
{"level":["info"],"timestamp":"19:09:2025|15:09:49","exception":false,"message":"MongoDB connected"}
{"level":["error"],"timestamp":"19:09:2025|15:09:52","exception":false,"message":"CREATE_MAIN_ADMIN"}
{"level":["error"],"timestamp":"19:09:2025|15:09:52","exception":false,"message":"data and salt arguments required"}
{"level":["info"],"timestamp":"19:09:2025|15:09:52","exception":false,"message":"MongoDB connected"}
{"level":["error"],"timestamp":"19:09:2025|15:09:47","exception":false,"message":"CREATE_MAIN_ADMIN"}
{"level":["error"],"timestamp":"19:09:2025|15:09:47","exception":false,"message":"data and salt arguments required"}
{"level":["info"],"timestamp":"19:09:2025|15:09:47","exception":false,"message":"MongoDB connected"}
{"level":["error"],"timestamp":"19:09:2025|15:09:64","exception":false,"message":"CREATE_MAIN_ADMIN"}
{"level":["error"],"timestamp":"19:09:2025|15:09:64","exception":false,"message":"data and salt arguments required"}
{"level":["info"],"timestamp":"19:09:2025|15:09:64","exception":false,"message":"MongoDB connected"}
{"level":["error"],"timestamp":"19:09:2025|15:09:90","exception":false,"message":"CREATE_MAIN_ADMIN"}
{"level":["error"],"timestamp":"19:09:2025|15:09:91","exception":false,"message":"data and salt arguments required"}
{"level":["info"],"timestamp":"19:09:2025|15:09:91","exception":false,"message":"MongoDB connected"}
{"level":["error"],"timestamp":"19:09:2025|15:09:34","exception":false,"message":"CREATE_MAIN_ADMIN"}
{"level":["error"],"timestamp":"19:09:2025|15:09:34","exception":false,"message":"data and salt arguments required"}
{"level":["info"],"timestamp":"19:09:2025|15:09:34","exception":false,"message":"MongoDB connected"}
{"level":["error"],"timestamp":"19:09:2025|15:09:96","exception":false,"message":"CREATE_MAIN_ADMIN"}
{"level":["error"],"timestamp":"19:09:2025|15:09:96","exception":false,"message":"data and salt arguments required"}
{"level":["info"],"timestamp":"19:09:2025|15:09:96","exception":false,"message":"MongoDB connected"}
{"level":["error"],"timestamp":"19:09:2025|15:09:23","exception":false,"message":"CREATE_MAIN_ADMIN"}
{"level":["error"],"timestamp":"19:09:2025|15:09:23","exception":false,"message":"data and salt arguments required"}
{"level":["info"],"timestamp":"19:09:2025|15:09:23","exception":false,"message":"MongoDB connected"}
{"level":["error"],"timestamp":"19:09:2025|15:09:44","exception":false,"message":"CREATE_MAIN_ADMIN"}
{"level":["error"],"timestamp":"19:09:2025|15:09:44","exception":false,"message":"data and salt arguments required"}
{"level":["info"],"timestamp":"19:09:2025|15:09:44","exception":false,"message":"MongoDB connected"}
{"level":["error"],"timestamp":"19:09:2025|15:09:59","exception":false,"message":"CREATE_MAIN_ADMIN"}
{"level":["error"],"timestamp":"19:09:2025|15:09:59","exception":false,"message":"data and salt arguments required"}
{"level":["info"],"timestamp":"19:09:2025|15:09:59","exception":false,"message":"MongoDB connected"}
{"level":["error"],"timestamp":"19:09:2025|15:09:99","exception":false,"message":"CREATE_MAIN_ADMIN"}
{"level":["error"],"timestamp":"19:09:2025|15:09:99","exception":false,"message":"data and salt arguments required"}
{"level":["info"],"timestamp":"19:09:2025|15:09:99","exception":false,"message":"MongoDB connected"}
{"level":["error"],"timestamp":"19:09:2025|15:09:26","exception":false,"message":"CREATE_MAIN_ADMIN"}
{"level":["error"],"timestamp":"19:09:2025|15:09:26","exception":false,"message":"data and salt arguments required"}
{"level":["info"],"timestamp":"19:09:2025|15:09:26","exception":false,"message":"MongoDB connected"}
{"level":["error"],"timestamp":"19:09:2025|15:09:86","exception":false,"message":"CREATE_MAIN_ADMIN"}
{"level":["error"],"timestamp":"19:09:2025|15:09:86","exception":false,"message":"data and salt arguments required"}
{"level":["info"],"timestamp":"19:09:2025|15:09:86","exception":false,"message":"MongoDB connected"}
{"level":["error"],"timestamp":"19:09:2025|15:09:77","exception":false,"message":"CREATE_MAIN_ADMIN"}
{"level":["error"],"timestamp":"19:09:2025|15:09:77","exception":false,"message":"data and salt arguments required"}
{"level":["info"],"timestamp":"19:09:2025|15:09:77","exception":false,"message":"MongoDB connected"}
{"level":["error"],"timestamp":"19:09:2025|15:09:72","exception":false,"message":"CREATE_MAIN_ADMIN"}
{"level":["error"],"timestamp":"19:09:2025|15:09:72","exception":false,"message":"data and salt arguments required"}
{"level":["info"],"timestamp":"19:09:2025|15:09:72","exception":false,"message":"MongoDB connected"}
{"level":["error"],"timestamp":"19:09:2025|15:09:57","exception":false,"message":"CREATE_MAIN_ADMIN"}
{"level":["error"],"timestamp":"19:09:2025|15:09:57","exception":false,"message":"data and salt arguments required"}
{"level":["info"],"timestamp":"19:09:2025|15:09:57","exception":false,"message":"MongoDB connected"}
{"level":["error"],"timestamp":"19:09:2025|15:09:09","exception":false,"message":"CREATE_MAIN_ADMIN"}
{"level":["error"],"timestamp":"19:09:2025|15:09:09","exception":false,"message":"data and salt arguments required"}
{"level":["info"],"timestamp":"19:09:2025|15:09:09","exception":false,"message":"MongoDB connected"}
{"level":["error"],"timestamp":"19:09:2025|15:09:77","exception":false,"message":"CREATE_MAIN_ADMIN"}
{"level":["error"],"timestamp":"19:09:2025|15:09:77","exception":false,"message":"data and salt arguments required"}
{"level":["info"],"timestamp":"19:09:2025|15:09:77","exception":false,"message":"MongoDB connected"}
{"level":["error"],"timestamp":"19:09:2025|15:09:68","exception":false,"message":"CREATE_MAIN_ADMIN"}
{"level":["error"],"timestamp":"19:09:2025|15:09:68","exception":false,"message":"data and salt arguments required"}
{"level":["info"],"timestamp":"19:09:2025|15:09:68","exception":false,"message":"MongoDB connected"}
{"level":["error"],"timestamp":"19:09:2025|15:09:12","exception":false,"message":"CREATE_MAIN_ADMIN"}
{"level":["error"],"timestamp":"19:09:2025|15:09:12","exception":false,"message":"data and salt arguments required"}
{"level":["info"],"timestamp":"19:09:2025|15:09:12","exception":false,"message":"MongoDB connected"}
{"level":["error"],"timestamp":"19:09:2025|15:09:37","exception":false,"message":"CREATE_MAIN_ADMIN"}
{"level":["error"],"timestamp":"19:09:2025|15:09:37","exception":false,"message":"data and salt arguments required"}
{"level":["info"],"timestamp":"19:09:2025|15:09:37","exception":false,"message":"MongoDB connected"}
{"level":["error"],"timestamp":"19:09:2025|16:09:78","exception":false,"message":"CREATE_MAIN_ADMIN"}
{"level":["error"],"timestamp":"19:09:2025|16:09:79","exception":false,"message":"data and salt arguments required"}
{"level":["info"],"timestamp":"19:09:2025|16:09:79","exception":false,"message":"MongoDB connected"}
{"level":["error"],"timestamp":"19:09:2025|16:09:24","exception":false,"message":"CREATE_MAIN_ADMIN"}
{"level":["error"],"timestamp":"19:09:2025|16:09:24","exception":false,"message":"data and salt arguments required"}
{"level":["info"],"timestamp":"19:09:2025|16:09:24","exception":false,"message":"MongoDB connected"}
{"level":["error"],"timestamp":"19:09:2025|16:09:64","exception":false,"message":"CREATE_MAIN_ADMIN"}
{"level":["error"],"timestamp":"19:09:2025|16:09:64","exception":false,"message":"data and salt arguments required"}
{"level":["info"],"timestamp":"19:09:2025|16:09:64","exception":false,"message":"MongoDB connected"}
{"level":["error"],"timestamp":"19:09:2025|16:09:62","exception":false,"message":"CREATE_MAIN_ADMIN"}
{"level":["error"],"timestamp":"19:09:2025|16:09:62","exception":false,"message":"data and salt arguments required"}
{"level":["info"],"timestamp":"19:09:2025|16:09:62","exception":false,"message":"MongoDB connected"}
{"level":["error"],"timestamp":"19:09:2025|16:09:07","exception":false,"message":"CREATE_MAIN_ADMIN"}
{"level":["error"],"timestamp":"19:09:2025|16:09:07","exception":false,"message":"data and salt arguments required"}
{"level":["info"],"timestamp":"19:09:2025|16:09:07","exception":false,"message":"MongoDB connected"}
{"level":["error"],"timestamp":"19:09:2025|16:09:02","exception":false,"message":"CREATE_MAIN_ADMIN"}
{"level":["error"],"timestamp":"19:09:2025|16:09:02","exception":false,"message":"user validation failed: subscription: `free` is not a valid enum value for path `subscription`."}
{"level":["info"],"timestamp":"19:09:2025|16:09:02","exception":false,"message":"MongoDB connected"}
{"level":["error"],"timestamp":"19:09:2025|16:09:35","exception":false,"message":"CREATE_MAIN_ADMIN"}
{"level":["error"],"timestamp":"19:09:2025|16:09:36","exception":false,"message":"user validation failed: subscription: `free` is not a valid enum value for path `subscription`."}
{"level":["info"],"timestamp":"19:09:2025|16:09:36","exception":false,"message":"MongoDB connected"}
{"level":["error"],"timestamp":"19:09:2025|16:09:39","exception":true,"message":"uncaughtException: Cannot read properties of undefined (reading '0')"}
{"level":["info"],"timestamp":"19:09:2025|16:09:79","exception":false,"message":"MongoDB connected"}
{"level":["info"],"timestamp":"19:09:2025|16:09:39","exception":false,"message":"MongoDB connected"}
{"level":["info"],"timestamp":"19:09:2025|16:09:69","exception":false,"message":"MongoDB connected"}
{"level":["info"],"timestamp":"19:09:2025|16:09:29","exception":false,"message":"MongoDB connected"}
{"level":["info"],"timestamp":"19:09:2025|16:09:06","exception":false,"message":"MongoDB connected"}
{"level":["info"],"timestamp":"19:09:2025|16:09:33","exception":false,"message":"MongoDB connected"}
{"level":["info"],"timestamp":"19:09:2025|16:09:29","exception":false,"message":"MongoDB connected"}
{"level":["info"],"timestamp":"19:09:2025|16:09:59","exception":false,"message":"MongoDB connected"}
{"level":["info"],"timestamp":"19:09:2025|16:09:05","exception":false,"message":"MongoDB connected"}
{"level":["info"],"timestamp":"19:09:2025|16:09:75","exception":false,"message":"MongoDB connected"}
{"level":["info"],"timestamp":"19:09:2025|16:09:75","exception":false,"message":"MongoDB connected"}
{"level":["info"],"timestamp":"19:09:2025|16:09:67","exception":false,"message":"MongoDB connected"}
{"level":["info"],"timestamp":"19:09:2025|16:09:47","exception":false,"message":"MongoDB connected"}
{"level":["info"],"timestamp":"19:09:2025|16:09:04","exception":false,"message":"MongoDB connected"}
{"level":["info"],"timestamp":"19:09:2025|16:09:50","exception":false,"message":"MongoDB connected"}
{"level":["info"],"timestamp":"19:09:2025|16:09:59","exception":false,"message":"MongoDB connected"}
{"level":["info"],"timestamp":"19:09:2025|16:09:26","exception":false,"message":"MongoDB connected"}
{"level":["info"],"timestamp":"19:09:2025|16:09:73","exception":false,"message":"MongoDB connected"}
{"level":["info"],"timestamp":"19:09:2025|16:09:81","exception":false,"message":"MongoDB connected"}
{"level":["info"],"timestamp":"19:09:2025|16:09:03","exception":false,"message":"MongoDB connected"}
{"level":["info"],"timestamp":"19:09:2025|16:09:48","exception":false,"message":"MongoDB connected"}
{"level":["info"],"timestamp":"19:09:2025|16:09:100","exception":false,"message":"MongoDB connected"}
{"level":["info"],"timestamp":"19:09:2025|16:09:32","exception":false,"message":"MongoDB connected"}
{"level":["info"],"timestamp":"19:09:2025|16:09:54","exception":false,"message":"MongoDB connected"}
{"level":["info"],"timestamp":"19:09:2025|16:09:81","exception":false,"message":"MongoDB connected"}
{"level":["info"],"timestamp":"19:09:2025|16:09:77","exception":false,"message":"MongoDB connected"}
{"level":["info"],"timestamp":"19:09:2025|16:09:71","exception":false,"message":"MongoDB connected"}
{"level":["info"],"timestamp":"19:09:2025|16:09:95","exception":false,"message":"MongoDB connected"}
{"level":["info"],"timestamp":"19:09:2025|16:09:26","exception":false,"message":"MongoDB connected"}
{"level":["info"],"timestamp":"19:09:2025|16:09:30","exception":false,"message":"MongoDB connected"}
