{"level":["info"],"timestamp":"23:09:2025|09:09:49","exception":false,"message":"MongoDB connected"}
{"level":["info"],"timestamp":"23:09:2025|09:09:35","exception":false,"message":"MongoDB connected"}
{"level":["info"],"timestamp":"23:09:2025|09:09:43","exception":false,"message":"MongoDB connected"}
{"level":["info"],"timestamp":"23:09:2025|09:09:09","exception":false,"message":"MongoDB connected"}
{"level":["info"],"timestamp":"23:09:2025|09:09:77","exception":false,"message":"MongoDB connected"}
{"level":["info"],"timestamp":"23:09:2025|09:09:88","exception":false,"message":"MongoDB connected"}
{"level":["warn"],"timestamp":"23:09:2025|09:09:46","exception":false,"message":"MongoDB Disconnecting"}
{"level":["warn"],"timestamp":"23:09:2025|09:09:47","exception":false,"message":"MongoDB Disconnected"}
{"level":["info"],"timestamp":"23:09:2025|09:09:01","exception":false,"message":"MongoDB connected"}
{"level":["info"],"timestamp":"23:09:2025|09:09:17","exception":false,"message":"MongoDB connected"}
{"level":["warn"],"timestamp":"23:09:2025|10:09:22","exception":false,"message":"MongoDB Disconnecting"}
{"level":["info"],"timestamp":"23:09:2025|10:09:55","exception":false,"message":"MongoDB connected"}
{"level":["info"],"timestamp":"23:09:2025|11:09:44","exception":false,"message":"MongoDB connected"}
{"level":["error"],"timestamp":"23:09:2025|11:09:60","exception":true,"message":"uncaughtException: verifyToken is not defined"}
{"level":["info"],"timestamp":"23:09:2025|11:09:62","exception":false,"message":"MongoDB connected"}
{"level":["error"],"timestamp":"23:09:2025|11:09:86","exception":true,"message":"uncaughtException: verifyToken is not defined"}
{"level":["info"],"timestamp":"23:09:2025|11:09:88","exception":false,"message":"MongoDB connected"}
{"level":["info"],"timestamp":"23:09:2025|11:09:18","exception":false,"message":"MongoDB connected"}
{"level":["info"],"timestamp":"23:09:2025|11:09:35","exception":false,"message":"::1 - - [23/Sep/2025:06:21:21 +0000] \"GET /auth/login HTTP/1.1\" 404 - \"-\" \"PostmanRuntime/7.46.0\"\n"}
{"level":["info"],"timestamp":"23:09:2025|12:09:42","exception":false,"message":"MongoDB connected"}
{"level":["error"],"timestamp":"23:09:2025|12:09:51","exception":false,"message":"VERIFY_MFA_CODE"}
{"level":["error"],"timestamp":"23:09:2025|12:09:52","exception":false,"message":"user is not defined"}
{"level":["error"],"timestamp":"23:09:2025|12:09:52","exception":false,"message":"VERIFY_MFA_CODE"}
{"level":["error"],"timestamp":"23:09:2025|12:09:52","exception":false,"message":"user is not defined"}
{"level":["info"],"timestamp":"23:09:2025|12:09:78","exception":false,"message":"MongoDB connected"}
{"level":["info"],"timestamp":"23:09:2025|12:09:78","exception":false,"message":"MongoDB connected"}
{"level":["info"],"timestamp":"23:09:2025|12:09:19","exception":false,"message":"MongoDB connected"}
{"level":["info"],"timestamp":"23:09:2025|12:09:14","exception":false,"message":"MongoDB connected"}
{"level":["info"],"timestamp":"23:09:2025|12:09:18","exception":false,"message":"MongoDB connected"}
{"level":["error"],"timestamp":"23:09:2025|12:09:86","exception":false,"message":"GET_PROFILE_ERROR"}
{"level":["error"],"timestamp":"23:09:2025|12:09:86","exception":false,"message":"Cannot read properties of undefined (reading 'id')"}
{"level":["error"],"timestamp":"23:09:2025|12:09:65","exception":false,"message":"GET_PROFILE_ERROR"}
{"level":["error"],"timestamp":"23:09:2025|12:09:65","exception":false,"message":"Cannot read properties of undefined (reading 'id')"}
{"level":["info"],"timestamp":"23:09:2025|12:09:75","exception":false,"message":"MongoDB connected"}
{"level":["info"],"timestamp":"23:09:2025|12:09:29","exception":false,"message":"MongoDB connected"}
{"level":["error"],"timestamp":"23:09:2025|12:09:90","exception":false,"message":"GET_PROFILE_ERROR"}
{"level":["error"],"timestamp":"23:09:2025|12:09:90","exception":false,"message":"user is not defined"}
{"level":["info"],"timestamp":"23:09:2025|12:09:19","exception":false,"message":"MongoDB connected"}
{"level":["info"],"timestamp":"23:09:2025|12:09:21","exception":false,"message":"MongoDB connected"}
{"level":["info"],"timestamp":"23:09:2025|12:09:53","exception":false,"message":"MongoDB connected"}
{"level":["info"],"timestamp":"23:09:2025|12:09:89","exception":false,"message":"MongoDB connected"}
{"level":["info"],"timestamp":"23:09:2025|12:09:11","exception":false,"message":"MongoDB connected"}
{"level":["info"],"timestamp":"23:09:2025|12:09:43","exception":false,"message":"MongoDB connected"}
{"level":["info"],"timestamp":"23:09:2025|12:09:53","exception":false,"message":"MongoDB connected"}
{"level":["info"],"timestamp":"23:09:2025|12:09:01","exception":false,"message":"MongoDB connected"}
{"level":["info"],"timestamp":"23:09:2025|12:09:45","exception":false,"message":"MongoDB connected"}
{"level":["info"],"timestamp":"23:09:2025|12:09:87","exception":false,"message":"MongoDB connected"}
{"level":["info"],"timestamp":"23:09:2025|12:09:42","exception":false,"message":"MongoDB connected"}
{"level":["info"],"timestamp":"23:09:2025|12:09:82","exception":false,"message":"MongoDB connected"}
{"level":["info"],"timestamp":"23:09:2025|12:09:98","exception":false,"message":"MongoDB connected"}
{"level":["info"],"timestamp":"23:09:2025|12:09:79","exception":false,"message":"::1 - - [23/Sep/2025:06:44:48 +0000] \"GET /auth/change-password HTTP/1.1\" 404 - \"-\" \"PostmanRuntime/7.46.0\"\n"}
{"level":["info"],"timestamp":"23:09:2025|12:09:03","exception":false,"message":"MongoDB connected"}
{"level":["info"],"timestamp":"23:09:2025|12:09:01","exception":false,"message":"MongoDB connected"}
{"level":["info"],"timestamp":"23:09:2025|12:09:40","exception":false,"message":"MongoDB connected"}
{"level":["error"],"timestamp":"23:09:2025|12:09:60","exception":false,"message":"GET_USERS_ERROR"}
{"level":["error"],"timestamp":"23:09:2025|12:09:61","exception":false,"message":"id is not defined"}
{"level":["info"],"timestamp":"23:09:2025|12:09:85","exception":false,"message":"MongoDB connected"}
{"level":["info"],"timestamp":"23:09:2025|12:09:42","exception":false,"message":"MongoDB connected"}
{"level":["info"],"timestamp":"23:09:2025|12:09:06","exception":false,"message":"MongoDB connected"}
{"level":["info"],"timestamp":"23:09:2025|12:09:01","exception":false,"message":"MongoDB connected"}
{"level":["error"],"timestamp":"23:09:2025|12:09:30","exception":false,"message":"GET_USERS_ERROR"}
{"level":["error"],"timestamp":"23:09:2025|12:09:30","exception":false,"message":"Expression $ne takes exactly 2 arguments. 1 were passed in."}
{"level":["info"],"timestamp":"23:09:2025|12:09:23","exception":false,"message":"MongoDB connected"}
{"level":["info"],"timestamp":"23:09:2025|12:09:37","exception":false,"message":"MongoDB connected"}
{"level":["info"],"timestamp":"23:09:2025|12:09:60","exception":false,"message":"MongoDB connected"}
{"level":["error"],"timestamp":"23:09:2025|12:09:45","exception":true,"message":"uncaughtException: creatUser is not defined"}
{"level":["info"],"timestamp":"23:09:2025|12:09:46","exception":false,"message":"MongoDB connected"}
{"level":["info"],"timestamp":"23:09:2025|12:09:62","exception":false,"message":"MongoDB connected"}
{"level":["info"],"timestamp":"23:09:2025|12:09:95","exception":false,"message":"MongoDB connected"}
{"level":["info"],"timestamp":"23:09:2025|12:09:28","exception":false,"message":"MongoDB connected"}
{"level":["info"],"timestamp":"23:09:2025|12:09:98","exception":false,"message":"MongoDB connected"}
{"level":["info"],"timestamp":"23:09:2025|12:09:96","exception":false,"message":"::1 - - [23/Sep/2025:06:58:23 +0000] \"GET /auth/create-users HTTP/1.1\" 404 - \"-\" \"PostmanRuntime/7.46.0\"\n"}
{"level":["info"],"timestamp":"23:09:2025|12:09:72","exception":false,"message":"::1 - - [23/Sep/2025:06:58:27 +0000] \"POST /auth/create-users HTTP/1.1\" 404 - \"-\" \"PostmanRuntime/7.46.0\"\n"}
{"level":["info"],"timestamp":"23:09:2025|12:09:93","exception":false,"message":"::1 - - [23/Sep/2025:06:58:31 +0000] \"POST /auth/create-users HTTP/1.1\" 404 - \"-\" \"PostmanRuntime/7.46.0\"\n"}
{"level":["info"],"timestamp":"23:09:2025|12:09:58","exception":false,"message":"MongoDB connected"}
{"level":["info"],"timestamp":"23:09:2025|12:09:29","exception":false,"message":"MongoDB connected"}
{"level":["error"],"timestamp":"23:09:2025|12:09:31","exception":false,"message":"IS_ADMIN"}
{"level":["error"],"timestamp":"23:09:2025|12:09:31","exception":false,"message":"Cannot read properties of null (reading '_id')"}
{"level":["info"],"timestamp":"23:09:2025|12:09:78","exception":false,"message":"MongoDB connected"}
{"level":["info"],"timestamp":"23:09:2025|12:09:56","exception":false,"message":"MongoDB connected"}
{"level":["error"],"timestamp":"23:09:2025|12:09:29","exception":false,"message":"IS_ADMIN"}
{"level":["error"],"timestamp":"23:09:2025|12:09:29","exception":false,"message":"Cannot read properties of null (reading '_id')"}
{"level":["info"],"timestamp":"23:09:2025|12:09:03","exception":false,"message":"MongoDB connected"}
{"level":["error"],"timestamp":"23:09:2025|12:09:11","exception":false,"message":"IS_ADMIN"}
{"level":["error"],"timestamp":"23:09:2025|12:09:11","exception":false,"message":"Cannot read properties of null (reading '_id')"}
{"level":["info"],"timestamp":"23:09:2025|12:09:86","exception":false,"message":"MongoDB connected"}
{"level":["info"],"timestamp":"23:09:2025|12:09:63","exception":false,"message":"MongoDB connected"}
{"level":["error"],"timestamp":"23:09:2025|12:09:65","exception":false,"message":"IS_ADMIN"}
{"level":["error"],"timestamp":"23:09:2025|12:09:65","exception":false,"message":"Cannot read properties of null (reading '_id')"}
{"level":["info"],"timestamp":"23:09:2025|12:09:20","exception":false,"message":"MongoDB connected"}
{"level":["info"],"timestamp":"23:09:2025|12:09:48","exception":false,"message":"MongoDB connected"}
{"level":["error"],"timestamp":"23:09:2025|12:09:83","exception":false,"message":"IS_ADMIN"}
{"level":["error"],"timestamp":"23:09:2025|12:09:83","exception":false,"message":"Cannot read properties of null (reading '_id')"}
{"level":["info"],"timestamp":"23:09:2025|12:09:55","exception":false,"message":"MongoDB connected"}
{"level":["info"],"timestamp":"23:09:2025|12:09:83","exception":false,"message":"MongoDB connected"}
{"level":["error"],"timestamp":"23:09:2025|12:09:03","exception":false,"message":"IS_ADMIN"}
{"level":["error"],"timestamp":"23:09:2025|12:09:03","exception":false,"message":"Cannot read properties of null (reading '_id')"}
{"level":["info"],"timestamp":"23:09:2025|12:09:72","exception":false,"message":"MongoDB connected"}
{"level":["error"],"timestamp":"23:09:2025|12:09:40","exception":false,"message":"IS_ADMIN"}
{"level":["error"],"timestamp":"23:09:2025|12:09:40","exception":false,"message":"Cannot read properties of null (reading '_id')"}
{"level":["info"],"timestamp":"23:09:2025|12:09:60","exception":false,"message":"MongoDB connected"}
{"level":["error"],"timestamp":"23:09:2025|12:09:37","exception":false,"message":"IS_ADMIN"}
{"level":["error"],"timestamp":"23:09:2025|12:09:37","exception":false,"message":"Cannot read properties of null (reading '_id')"}
{"level":["info"],"timestamp":"23:09:2025|12:09:49","exception":false,"message":"MongoDB connected"}
{"level":["error"],"timestamp":"23:09:2025|12:09:49","exception":false,"message":"IS_ADMIN"}
{"level":["error"],"timestamp":"23:09:2025|12:09:49","exception":false,"message":"Cannot read properties of null (reading '_id')"}
{"level":["info"],"timestamp":"23:09:2025|12:09:26","exception":false,"message":"MongoDB connected"}
{"level":["error"],"timestamp":"23:09:2025|12:09:79","exception":false,"message":"IS_ADMIN"}
{"level":["error"],"timestamp":"23:09:2025|12:09:79","exception":false,"message":"Cannot read properties of null (reading '_id')"}
{"level":["info"],"timestamp":"23:09:2025|12:09:53","exception":false,"message":"MongoDB connected"}
{"level":["error"],"timestamp":"23:09:2025|12:09:42","exception":false,"message":"CREATE_USER"}
{"level":["error"],"timestamp":"23:09:2025|12:09:42","exception":false,"message":"user validation failed: role: Path `role` is required."}
{"level":["error"],"timestamp":"23:09:2025|12:09:42","exception":false,"message":"CREATE_USER"}
{"level":["error"],"timestamp":"23:09:2025|12:09:42","exception":false,"message":"user validation failed: role: Path `role` is required."}
{"level":["info"],"timestamp":"23:09:2025|12:09:39","exception":false,"message":"MongoDB connected"}
{"level":["info"],"timestamp":"23:09:2025|12:09:45","exception":false,"message":"MongoDB connected"}
{"level":["error"],"timestamp":"23:09:2025|12:09:56","exception":false,"message":"CREATE_USER"}
{"level":["error"],"timestamp":"23:09:2025|12:09:56","exception":false,"message":"user validation failed: role: Path `role` is required."}
{"level":["error"],"timestamp":"23:09:2025|12:09:56","exception":false,"message":"CREATE_USER"}
{"level":["error"],"timestamp":"23:09:2025|12:09:56","exception":false,"message":"user validation failed: role: Path `role` is required."}
{"level":["error"],"timestamp":"23:09:2025|12:09:72","exception":false,"message":"CREATE_USER"}
{"level":["error"],"timestamp":"23:09:2025|12:09:72","exception":false,"message":"E11000 duplicate key error collection: greenhalo.users index: email_1 dup key: { email: null }"}
{"level":["error"],"timestamp":"23:09:2025|12:09:72","exception":false,"message":"CREATE_USER"}
{"level":["error"],"timestamp":"23:09:2025|12:09:72","exception":false,"message":"E11000 duplicate key error collection: greenhalo.users index: email_1 dup key: { email: null }"}
{"level":["info"],"timestamp":"23:09:2025|12:09:09","exception":false,"message":"MongoDB connected"}
{"level":["info"],"timestamp":"23:09:2025|12:09:63","exception":false,"message":"MongoDB connected"}
{"level":["info"],"timestamp":"23:09:2025|12:09:12","exception":false,"message":"MongoDB connected"}
{"level":["info"],"timestamp":"23:09:2025|12:09:88","exception":false,"message":"MongoDB connected"}
{"level":["info"],"timestamp":"23:09:2025|12:09:70","exception":false,"message":"MongoDB connected"}
{"level":["info"],"timestamp":"23:09:2025|12:09:23","exception":false,"message":"MongoDB connected"}
{"level":["info"],"timestamp":"23:09:2025|12:09:12","exception":false,"message":"MongoDB connected"}
{"level":["info"],"timestamp":"23:09:2025|12:09:32","exception":false,"message":"MongoDB connected"}
{"level":["info"],"timestamp":"23:09:2025|12:09:98","exception":false,"message":"MongoDB connected"}
{"level":["info"],"timestamp":"23:09:2025|12:09:37","exception":false,"message":"MongoDB connected"}
{"level":["info"],"timestamp":"23:09:2025|12:09:76","exception":false,"message":"MongoDB connected"}
{"level":["info"],"timestamp":"23:09:2025|12:09:16","exception":false,"message":"MongoDB connected"}
{"level":["info"],"timestamp":"23:09:2025|12:09:71","exception":false,"message":"MongoDB connected"}
{"level":["info"],"timestamp":"23:09:2025|12:09:98","exception":false,"message":"MongoDB connected"}
{"level":["error"],"timestamp":"23:09:2025|12:09:61","exception":true,"message":"uncaughtException: updateUserProfile is not defined"}
{"level":["info"],"timestamp":"23:09:2025|12:09:63","exception":false,"message":"MongoDB connected"}
{"level":["info"],"timestamp":"23:09:2025|12:09:88","exception":false,"message":"MongoDB connected"}
{"level":["info"],"timestamp":"23:09:2025|12:09:69","exception":false,"message":"MongoDB connected"}
{"level":["info"],"timestamp":"23:09:2025|12:09:05","exception":false,"message":"MongoDB connected"}
{"level":["info"],"timestamp":"23:09:2025|12:09:58","exception":false,"message":"MongoDB connected"}
{"level":["error"],"timestamp":"23:09:2025|12:09:33","exception":false,"message":"IS_ADMIN"}
{"level":["error"],"timestamp":"23:09:2025|12:09:33","exception":false,"message":"Cannot read properties of null (reading '_id')"}
{"level":["info"],"timestamp":"23:09:2025|13:09:24","exception":false,"message":"MongoDB connected"}
{"level":["error"],"timestamp":"23:09:2025|13:09:43","exception":false,"message":"IS_ADMIN"}
{"level":["error"],"timestamp":"23:09:2025|13:09:43","exception":false,"message":"Cannot read properties of null (reading '_id')"}
{"level":["error"],"timestamp":"23:09:2025|13:09:31","exception":false,"message":"IS_ADMIN"}
{"level":["error"],"timestamp":"23:09:2025|13:09:31","exception":false,"message":"Cannot read properties of null (reading '_id')"}
{"level":["error"],"timestamp":"23:09:2025|13:09:20","exception":false,"message":"IS_ADMIN"}
{"level":["error"],"timestamp":"23:09:2025|13:09:20","exception":false,"message":"Cannot read properties of null (reading '_id')"}
{"level":["error"],"timestamp":"23:09:2025|13:09:13","exception":false,"message":"IS_ADMIN"}
{"level":["error"],"timestamp":"23:09:2025|13:09:13","exception":false,"message":"Cannot read properties of null (reading '_id')"}
{"level":["warn"],"timestamp":"23:09:2025|13:09:99","exception":false,"message":"MongoDB Disconnecting"}
{"level":["info"],"timestamp":"23:09:2025|13:09:66","exception":false,"message":"MongoDB connected"}
{"level":["error"],"timestamp":"23:09:2025|13:09:34","exception":false,"message":"IS_ADMIN"}
{"level":["error"],"timestamp":"23:09:2025|13:09:35","exception":false,"message":"Cannot read properties of null (reading '_id')"}
{"level":["info"],"timestamp":"23:09:2025|13:09:52","exception":false,"message":"MongoDB connected"}
{"level":["error"],"timestamp":"23:09:2025|13:09:24","exception":false,"message":"IS_ADMIN"}
{"level":["error"],"timestamp":"23:09:2025|13:09:24","exception":false,"message":"Cannot read properties of null (reading '_id')"}
{"level":["info"],"timestamp":"23:09:2025|13:09:33","exception":false,"message":"MongoDB connected"}
{"level":["error"],"timestamp":"23:09:2025|13:09:02","exception":false,"message":"IS_ADMIN"}
{"level":["error"],"timestamp":"23:09:2025|13:09:02","exception":false,"message":"Cannot read properties of null (reading '_id')"}
{"level":["info"],"timestamp":"23:09:2025|13:09:96","exception":false,"message":"MongoDB connected"}
{"level":["info"],"timestamp":"23:09:2025|13:09:28","exception":false,"message":"MongoDB connected"}
{"level":["error"],"timestamp":"23:09:2025|13:09:51","exception":false,"message":"IS_ADMIN"}
{"level":["error"],"timestamp":"23:09:2025|13:09:51","exception":false,"message":"Cannot read properties of null (reading '_id')"}
{"level":["info"],"timestamp":"23:09:2025|13:09:44","exception":false,"message":"MongoDB connected"}
{"level":["info"],"timestamp":"23:09:2025|13:09:89","exception":false,"message":"MongoDB connected"}
{"level":["error"],"timestamp":"23:09:2025|13:09:18","exception":false,"message":"IS_ADMIN"}
{"level":["error"],"timestamp":"23:09:2025|13:09:18","exception":false,"message":"Cannot read properties of null (reading '_id')"}
{"level":["info"],"timestamp":"23:09:2025|13:09:32","exception":false,"message":"MongoDB connected"}
{"level":["info"],"timestamp":"23:09:2025|13:09:49","exception":false,"message":"MongoDB connected"}
{"level":["info"],"timestamp":"23:09:2025|13:09:01","exception":false,"message":"MongoDB connected"}
{"level":["info"],"timestamp":"23:09:2025|13:09:20","exception":false,"message":"MongoDB connected"}
{"level":["info"],"timestamp":"23:09:2025|13:09:15","exception":false,"message":"MongoDB connected"}
{"level":["info"],"timestamp":"23:09:2025|13:09:89","exception":false,"message":"MongoDB connected"}
{"level":["error"],"timestamp":"23:09:2025|13:09:33","exception":false,"message":"UPDATE_USER_PROFILE_ERROR"}
{"level":["error"],"timestamp":"23:09:2025|13:09:33","exception":false,"message":"Validation failed: subscription: `` is not a valid enum value for path `subscription`., status: `active` is not a valid enum value for path `status`."}
{"level":["error"],"timestamp":"23:09:2025|13:09:33","exception":false,"message":"UPDATE_USER_PROFILE"}
{"level":["error"],"timestamp":"23:09:2025|13:09:33","exception":false,"message":"Validation failed: subscription: `` is not a valid enum value for path `subscription`., status: `active` is not a valid enum value for path `status`."}
{"level":["info"],"timestamp":"23:09:2025|13:09:22","exception":false,"message":"MongoDB connected"}
{"level":["error"],"timestamp":"23:09:2025|13:09:58","exception":false,"message":"UPDATE_USER_PROFILE_ERROR"}
{"level":["error"],"timestamp":"23:09:2025|13:09:58","exception":false,"message":"Validation failed: subscription: `` is not a valid enum value for path `subscription`., status: `active` is not a valid enum value for path `status`."}
{"level":["error"],"timestamp":"23:09:2025|13:09:58","exception":false,"message":"UPDATE_USER_PROFILE"}
{"level":["error"],"timestamp":"23:09:2025|13:09:58","exception":false,"message":"Validation failed: subscription: `` is not a valid enum value for path `subscription`., status: `active` is not a valid enum value for path `status`."}
{"level":["error"],"timestamp":"23:09:2025|13:09:00","exception":false,"message":"UPDATE_USER_PROFILE_ERROR"}
{"level":["error"],"timestamp":"23:09:2025|13:09:00","exception":false,"message":"Validation failed: status: `active` is not a valid enum value for path `status`."}
{"level":["error"],"timestamp":"23:09:2025|13:09:00","exception":false,"message":"UPDATE_USER_PROFILE"}
{"level":["error"],"timestamp":"23:09:2025|13:09:00","exception":false,"message":"Validation failed: status: `active` is not a valid enum value for path `status`."}
{"level":["info"],"timestamp":"23:09:2025|13:09:79","exception":false,"message":"MongoDB connected"}
{"level":["info"],"timestamp":"23:09:2025|13:09:92","exception":false,"message":"MongoDB connected"}
{"level":["error"],"timestamp":"23:09:2025|13:09:49","exception":false,"message":"UPDATE_USER_PROFILE_ERROR"}
{"level":["error"],"timestamp":"23:09:2025|13:09:49","exception":false,"message":"user validation failed: status: `active` is not a valid enum value for path `status`."}
{"level":["error"],"timestamp":"23:09:2025|13:09:49","exception":false,"message":"UPDATE_USER_PROFILE"}
{"level":["error"],"timestamp":"23:09:2025|13:09:49","exception":false,"message":"user validation failed: status: `active` is not a valid enum value for path `status`."}
{"level":["info"],"timestamp":"23:09:2025|13:09:75","exception":false,"message":"MongoDB connected"}
{"level":["info"],"timestamp":"23:09:2025|13:09:47","exception":false,"message":"MongoDB connected"}
{"level":["info"],"timestamp":"23:09:2025|13:09:83","exception":false,"message":"MongoDB connected"}
{"level":["info"],"timestamp":"23:09:2025|13:09:13","exception":false,"message":"MongoDB connected"}
{"level":["info"],"timestamp":"23:09:2025|13:09:49","exception":false,"message":"MongoDB connected"}
{"level":["info"],"timestamp":"23:09:2025|13:09:86","exception":false,"message":"MongoDB connected"}
{"level":["info"],"timestamp":"23:09:2025|13:09:03","exception":false,"message":"MongoDB connected"}
{"level":["info"],"timestamp":"23:09:2025|13:09:53","exception":false,"message":"MongoDB connected"}
{"level":["info"],"timestamp":"23:09:2025|13:09:56","exception":false,"message":"MongoDB connected"}
{"level":["info"],"timestamp":"23:09:2025|13:09:08","exception":false,"message":"MongoDB connected"}
{"level":["info"],"timestamp":"23:09:2025|13:09:40","exception":false,"message":"MongoDB connected"}
{"level":["info"],"timestamp":"23:09:2025|13:09:49","exception":false,"message":"MongoDB connected"}
{"level":["info"],"timestamp":"23:09:2025|13:09:36","exception":false,"message":"MongoDB connected"}
{"level":["info"],"timestamp":"23:09:2025|13:09:77","exception":false,"message":"MongoDB connected"}
{"level":["info"],"timestamp":"23:09:2025|13:09:25","exception":false,"message":"MongoDB connected"}
{"level":["error"],"timestamp":"23:09:2025|13:09:90","exception":true,"message":"uncaughtException: verifyToken is not defined"}
{"level":["info"],"timestamp":"23:09:2025|13:09:92","exception":false,"message":"MongoDB connected"}
{"level":["error"],"timestamp":"23:09:2025|13:09:29","exception":true,"message":"uncaughtException: verifyToken is not defined"}
{"level":["info"],"timestamp":"23:09:2025|13:09:31","exception":false,"message":"MongoDB connected"}
{"level":["info"],"timestamp":"23:09:2025|13:09:70","exception":false,"message":"MongoDB connected"}
{"level":["info"],"timestamp":"23:09:2025|13:09:17","exception":false,"message":"MongoDB connected"}
{"level":["info"],"timestamp":"23:09:2025|13:09:44","exception":false,"message":"MongoDB connected"}
{"level":["info"],"timestamp":"23:09:2025|13:09:73","exception":false,"message":"MongoDB connected"}
{"level":["info"],"timestamp":"23:09:2025|13:09:41","exception":false,"message":"MongoDB connected"}
{"level":["info"],"timestamp":"23:09:2025|13:09:37","exception":false,"message":"MongoDB connected"}
{"level":["info"],"timestamp":"23:09:2025|13:09:03","exception":false,"message":"MongoDB connected"}
{"level":["info"],"timestamp":"23:09:2025|13:09:70","exception":false,"message":"MongoDB connected"}
{"level":["info"],"timestamp":"23:09:2025|13:09:43","exception":false,"message":"MongoDB connected"}
{"level":["info"],"timestamp":"23:09:2025|13:09:42","exception":false,"message":"::1 - - [23/Sep/2025:07:59:16 +0000] \"GET /user/report/68d0f092b40e23c9d7a5159e HTTP/1.1\" 404 - \"-\" \"PostmanRuntime/7.46.0\"\n"}
{"level":["info"],"timestamp":"23:09:2025|13:09:47","exception":false,"message":"MongoDB connected"}
{"level":["info"],"timestamp":"23:09:2025|13:09:73","exception":false,"message":"MongoDB connected"}
{"level":["info"],"timestamp":"23:09:2025|13:09:39","exception":false,"message":"::1 - - [23/Sep/2025:08:00:35 +0000] \"POST /user/report/68d0f092b40e23c9d7a5159e HTTP/1.1\" 404 - \"-\" \"PostmanRuntime/7.46.0\"\n"}
{"level":["error"],"timestamp":"23:09:2025|13:09:59","exception":false,"message":"REPORT_USER_ERROR"}
{"level":["error"],"timestamp":"23:09:2025|13:09:59","exception":false,"message":"report validation failed: status: `pending` is not a valid enum value for path `status`."}
{"level":["error"],"timestamp":"23:09:2025|13:09:59","exception":false,"message":"REPORT_USER"}
{"level":["error"],"timestamp":"23:09:2025|13:09:59","exception":false,"message":"report validation failed: status: `pending` is not a valid enum value for path `status`."}
{"level":["info"],"timestamp":"23:09:2025|13:09:59","exception":false,"message":"MongoDB connected"}
{"level":["error"],"timestamp":"23:09:2025|13:09:83","exception":false,"message":"REPORT_USER_ERROR"}
{"level":["error"],"timestamp":"23:09:2025|13:09:83","exception":false,"message":"constant is not defined"}
{"level":["error"],"timestamp":"23:09:2025|13:09:83","exception":false,"message":"REPORT_USER"}
{"level":["error"],"timestamp":"23:09:2025|13:09:83","exception":false,"message":"constant is not defined"}
{"level":["info"],"timestamp":"23:09:2025|13:09:79","exception":false,"message":"MongoDB connected"}
{"level":["info"],"timestamp":"23:09:2025|13:09:65","exception":false,"message":"MongoDB connected"}
{"level":["info"],"timestamp":"23:09:2025|13:09:01","exception":false,"message":"MongoDB connected"}
{"level":["error"],"timestamp":"23:09:2025|13:09:53","exception":true,"message":"uncaughtException: getReports is not defined"}
{"level":["info"],"timestamp":"23:09:2025|13:09:55","exception":false,"message":"MongoDB connected"}
{"level":["error"],"timestamp":"23:09:2025|13:09:40","exception":true,"message":"uncaughtException: getReports is not defined"}
{"level":["info"],"timestamp":"23:09:2025|13:09:43","exception":false,"message":"MongoDB connected"}
{"level":["info"],"timestamp":"23:09:2025|13:09:21","exception":false,"message":"MongoDB connected"}
{"level":["info"],"timestamp":"23:09:2025|13:09:77","exception":false,"message":"::1 - - [23/Sep/2025:08:05:47 +0000] \"GET /user/reports HTTP/1.1\" 404 - \"-\" \"PostmanRuntime/7.46.0\"\n"}
{"level":["info"],"timestamp":"23:09:2025|13:09:92","exception":false,"message":"MongoDB connected"}
{"level":["info"],"timestamp":"23:09:2025|13:09:33","exception":false,"message":"MongoDB connected"}
{"level":["info"],"timestamp":"23:09:2025|13:09:25","exception":false,"message":"MongoDB connected"}
{"level":["info"],"timestamp":"23:09:2025|13:09:62","exception":false,"message":"MongoDB connected"}
{"level":["info"],"timestamp":"23:09:2025|13:09:48","exception":false,"message":"::1 - - [23/Sep/2025:08:06:33 +0000] \"GET /user/reports HTTP/1.1\" 404 - \"-\" \"PostmanRuntime/7.46.0\"\n"}
{"level":["info"],"timestamp":"23:09:2025|13:09:92","exception":false,"message":"::1 - - [23/Sep/2025:08:06:35 +0000] \"GET /user/report HTTP/1.1\" 404 - \"-\" \"PostmanRuntime/7.46.0\"\n"}
{"level":["error"],"timestamp":"23:09:2025|13:09:45","exception":false,"message":"GET_REPORTS_ERROR"}
{"level":["error"],"timestamp":"23:09:2025|13:09:45","exception":false,"message":"ReportModel is not defined"}
{"level":["error"],"timestamp":"23:09:2025|13:09:45","exception":false,"message":"GET_REPORTS"}
{"level":["error"],"timestamp":"23:09:2025|13:09:45","exception":false,"message":"ReportModel is not defined"}
{"level":["info"],"timestamp":"23:09:2025|13:09:47","exception":false,"message":"MongoDB connected"}
{"level":["info"],"timestamp":"23:09:2025|13:09:08","exception":false,"message":"MongoDB connected"}
{"level":["info"],"timestamp":"23:09:2025|13:09:100","exception":false,"message":"MongoDB connected"}
{"level":["error"],"timestamp":"23:09:2025|13:09:49","exception":false,"message":"GET_REPORTS_ERROR"}
{"level":["error"],"timestamp":"23:09:2025|13:09:49","exception":false,"message":"Schema hasn't been registered for model \"User\".\nUse mongoose.model(name, schema)"}
{"level":["error"],"timestamp":"23:09:2025|13:09:49","exception":false,"message":"GET_REPORTS"}
{"level":["error"],"timestamp":"23:09:2025|13:09:49","exception":false,"message":"Schema hasn't been registered for model \"User\".\nUse mongoose.model(name, schema)"}
{"level":["info"],"timestamp":"23:09:2025|13:09:65","exception":false,"message":"MongoDB connected"}
{"level":["error"],"timestamp":"23:09:2025|13:09:39","exception":false,"message":"GET_REPORTS_ERROR"}
{"level":["error"],"timestamp":"23:09:2025|13:09:39","exception":false,"message":"Schema hasn't been registered for model \"User\".\nUse mongoose.model(name, schema)"}
{"level":["error"],"timestamp":"23:09:2025|13:09:39","exception":false,"message":"GET_REPORTS"}
{"level":["error"],"timestamp":"23:09:2025|13:09:39","exception":false,"message":"Schema hasn't been registered for model \"User\".\nUse mongoose.model(name, schema)"}
{"level":["info"],"timestamp":"23:09:2025|13:09:98","exception":false,"message":"MongoDB connected"}
{"level":["error"],"timestamp":"23:09:2025|13:09:22","exception":false,"message":"GET_REPORTS_ERROR"}
{"level":["error"],"timestamp":"23:09:2025|13:09:22","exception":false,"message":"Schema hasn't been registered for model \"User\".\nUse mongoose.model(name, schema)"}
{"level":["error"],"timestamp":"23:09:2025|13:09:22","exception":false,"message":"GET_REPORTS"}
{"level":["error"],"timestamp":"23:09:2025|13:09:22","exception":false,"message":"Schema hasn't been registered for model \"User\".\nUse mongoose.model(name, schema)"}
{"level":["warn"],"timestamp":"23:09:2025|13:09:66","exception":false,"message":"MongoDB Disconnecting"}
{"level":["warn"],"timestamp":"23:09:2025|13:09:67","exception":false,"message":"MongoDB Disconnected"}
{"level":["info"],"timestamp":"23:09:2025|13:09:98","exception":false,"message":"MongoDB connected"}
{"level":["info"],"timestamp":"23:09:2025|13:09:77","exception":false,"message":"MongoDB connected"}
{"level":["info"],"timestamp":"23:09:2025|13:09:42","exception":false,"message":"MongoDB connected"}
{"level":["error"],"timestamp":"23:09:2025|13:09:58","exception":false,"message":"CREATE_USER"}
{"level":["error"],"timestamp":"23:09:2025|13:09:58","exception":false,"message":"E11000 duplicate key error collection: greenhalo.users index: email_1 dup key: { email: \"rajesh@gmail.com\" }"}
{"level":["error"],"timestamp":"23:09:2025|13:09:58","exception":false,"message":"CREATE_USER"}
{"level":["error"],"timestamp":"23:09:2025|13:09:58","exception":false,"message":"E11000 duplicate key error collection: greenhalo.users index: email_1 dup key: { email: \"rajesh@gmail.com\" }"}
{"level":["error"],"timestamp":"23:09:2025|13:09:55","exception":false,"message":"CREATE_USER"}
{"level":["error"],"timestamp":"23:09:2025|13:09:55","exception":false,"message":"E11000 duplicate key error collection: greenhalo.users index: email_1 dup key: { email: \"jaimin@gmail.com\" }"}
{"level":["error"],"timestamp":"23:09:2025|13:09:55","exception":false,"message":"CREATE_USER"}
{"level":["error"],"timestamp":"23:09:2025|13:09:55","exception":false,"message":"E11000 duplicate key error collection: greenhalo.users index: email_1 dup key: { email: \"jaimin@gmail.com\" }"}
{"level":["info"],"timestamp":"23:09:2025|13:09:06","exception":false,"message":"MongoDB connected"}
{"level":["info"],"timestamp":"23:09:2025|13:09:60","exception":false,"message":"MongoDB connected"}
{"level":["info"],"timestamp":"23:09:2025|13:09:41","exception":false,"message":"MongoDB connected"}
{"level":["info"],"timestamp":"23:09:2025|13:09:06","exception":false,"message":"MongoDB connected"}
{"level":["info"],"timestamp":"23:09:2025|13:09:65","exception":false,"message":"MongoDB connected"}
{"level":["info"],"timestamp":"23:09:2025|13:09:09","exception":false,"message":"MongoDB connected"}
{"level":["info"],"timestamp":"23:09:2025|13:09:49","exception":false,"message":"MongoDB connected"}
{"level":["info"],"timestamp":"23:09:2025|14:09:61","exception":false,"message":"MongoDB connected"}
{"level":["info"],"timestamp":"23:09:2025|14:09:71","exception":false,"message":"MongoDB connected"}
{"level":["error"],"timestamp":"23:09:2025|14:09:94","exception":false,"message":"GET_REPORTS_ERROR"}
{"level":["error"],"timestamp":"23:09:2025|14:09:94","exception":false,"message":"Schema hasn't been registered for model \"User\".\nUse mongoose.model(name, schema)"}
{"level":["error"],"timestamp":"23:09:2025|14:09:94","exception":false,"message":"GET_REPORTS"}
{"level":["error"],"timestamp":"23:09:2025|14:09:94","exception":false,"message":"Schema hasn't been registered for model \"User\".\nUse mongoose.model(name, schema)"}
{"level":["info"],"timestamp":"23:09:2025|14:09:56","exception":false,"message":"MongoDB connected"}
{"level":["info"],"timestamp":"23:09:2025|14:09:36","exception":false,"message":"MongoDB connected"}
{"level":["info"],"timestamp":"23:09:2025|14:09:30","exception":false,"message":"MongoDB connected"}
{"level":["error"],"timestamp":"23:09:2025|14:09:97","exception":true,"message":"uncaughtException: updateReportStatus is not defined"}
{"level":["info"],"timestamp":"23:09:2025|14:09:99","exception":false,"message":"MongoDB connected"}
{"level":["error"],"timestamp":"23:09:2025|14:09:81","exception":true,"message":"uncaughtException: updateReportStatus is not defined"}
{"level":["info"],"timestamp":"23:09:2025|14:09:83","exception":false,"message":"MongoDB connected"}
{"level":["info"],"timestamp":"23:09:2025|14:09:56","exception":false,"message":"MongoDB connected"}
{"level":["info"],"timestamp":"23:09:2025|14:09:83","exception":false,"message":"MongoDB connected"}
{"level":["info"],"timestamp":"23:09:2025|14:09:32","exception":false,"message":"MongoDB connected"}
{"level":["info"],"timestamp":"23:09:2025|14:09:35","exception":false,"message":"MongoDB connected"}
{"level":["info"],"timestamp":"23:09:2025|14:09:78","exception":false,"message":"MongoDB connected"}
{"level":["info"],"timestamp":"23:09:2025|14:09:56","exception":false,"message":"MongoDB connected"}
{"level":["info"],"timestamp":"23:09:2025|14:09:94","exception":false,"message":"MongoDB connected"}
{"level":["info"],"timestamp":"23:09:2025|14:09:74","exception":false,"message":"MongoDB connected"}
{"level":["info"],"timestamp":"23:09:2025|14:09:36","exception":false,"message":"MongoDB connected"}
{"level":["info"],"timestamp":"23:09:2025|14:09:29","exception":false,"message":"MongoDB connected"}
{"level":["info"],"timestamp":"23:09:2025|14:09:84","exception":false,"message":"MongoDB connected"}
{"level":["info"],"timestamp":"23:09:2025|14:09:79","exception":false,"message":"::1 - - [23/Sep/2025:09:01:13 +0000] \"GET /admin/report/68d258ba4657ce198593d49b HTTP/1.1\" 404 - \"-\" \"PostmanRuntime/7.46.0\"\n"}
{"level":["info"],"timestamp":"23:09:2025|14:09:65","exception":false,"message":"MongoDB connected"}
{"level":["info"],"timestamp":"23:09:2025|14:09:72","exception":false,"message":"MongoDB connected"}
{"level":["info"],"timestamp":"23:09:2025|14:09:72","exception":false,"message":"MongoDB connected"}
{"level":["info"],"timestamp":"23:09:2025|14:09:05","exception":false,"message":"MongoDB connected"}
{"level":["info"],"timestamp":"23:09:2025|14:09:45","exception":false,"message":"MongoDB connected"}
{"level":["info"],"timestamp":"23:09:2025|14:09:17","exception":false,"message":"MongoDB connected"}
{"level":["info"],"timestamp":"23:09:2025|14:09:92","exception":false,"message":"MongoDB connected"}
{"level":["info"],"timestamp":"23:09:2025|14:09:56","exception":false,"message":"MongoDB connected"}
{"level":["info"],"timestamp":"23:09:2025|14:09:27","exception":false,"message":"MongoDB connected"}
{"level":["info"],"timestamp":"23:09:2025|14:09:68","exception":false,"message":"MongoDB connected"}
{"level":["info"],"timestamp":"23:09:2025|14:09:83","exception":false,"message":"MongoDB connected"}
{"level":["info"],"timestamp":"23:09:2025|15:09:58","exception":false,"message":"MongoDB connected"}
{"level":["info"],"timestamp":"23:09:2025|15:09:97","exception":false,"message":"MongoDB connected"}
{"level":["info"],"timestamp":"23:09:2025|15:09:02","exception":false,"message":"MongoDB connected"}
{"level":["info"],"timestamp":"23:09:2025|15:09:97","exception":false,"message":"MongoDB connected"}
{"level":["info"],"timestamp":"23:09:2025|15:09:14","exception":false,"message":"MongoDB connected"}
{"level":["info"],"timestamp":"23:09:2025|15:09:27","exception":false,"message":"MongoDB connected"}
{"level":["info"],"timestamp":"23:09:2025|15:09:29","exception":false,"message":"MongoDB connected"}
{"level":["info"],"timestamp":"23:09:2025|15:09:79","exception":false,"message":"MongoDB connected"}
{"level":["info"],"timestamp":"23:09:2025|15:09:43","exception":false,"message":"MongoDB connected"}
{"level":["info"],"timestamp":"23:09:2025|15:09:45","exception":false,"message":"MongoDB connected"}
{"level":["info"],"timestamp":"23:09:2025|15:09:96","exception":false,"message":"MongoDB connected"}
{"level":["info"],"timestamp":"23:09:2025|15:09:30","exception":false,"message":"MongoDB connected"}
{"level":["error"],"timestamp":"23:09:2025|15:09:49","exception":true,"message":"uncaughtException: createCheckinChamp is not defined"}
{"level":["info"],"timestamp":"23:09:2025|15:09:51","exception":false,"message":"MongoDB connected"}
{"level":["error"],"timestamp":"23:09:2025|15:09:99","exception":true,"message":"uncaughtException: createCheckinChamp is not defined"}
{"level":["info"],"timestamp":"23:09:2025|15:09:01","exception":false,"message":"MongoDB connected"}
{"level":["error"],"timestamp":"23:09:2025|15:09:43","exception":true,"message":"uncaughtException: createCheckinChamp is not defined"}
{"level":["info"],"timestamp":"23:09:2025|15:09:46","exception":false,"message":"MongoDB connected"}
{"level":["error"],"timestamp":"23:09:2025|15:09:77","exception":true,"message":"uncaughtException: createCheckinChamp is not defined"}
{"level":["info"],"timestamp":"23:09:2025|15:09:79","exception":false,"message":"MongoDB connected"}
{"level":["error"],"timestamp":"23:09:2025|15:09:47","exception":true,"message":"uncaughtException: createCheckinChamp is not defined"}
{"level":["info"],"timestamp":"23:09:2025|15:09:50","exception":false,"message":"MongoDB connected"}
{"level":["error"],"timestamp":"23:09:2025|15:09:62","exception":true,"message":"uncaughtException: createCheckinChamp is not defined"}
{"level":["info"],"timestamp":"23:09:2025|15:09:65","exception":false,"message":"MongoDB connected"}
{"level":["info"],"timestamp":"23:09:2025|15:09:00","exception":false,"message":"MongoDB connected"}
{"level":["info"],"timestamp":"23:09:2025|15:09:42","exception":false,"message":"MongoDB connected"}
{"level":["info"],"timestamp":"23:09:2025|15:09:46","exception":false,"message":"MongoDB connected"}
{"level":["info"],"timestamp":"23:09:2025|15:09:52","exception":false,"message":"MongoDB connected"}
{"level":["info"],"timestamp":"23:09:2025|15:09:92","exception":false,"message":"::1 - - [23/Sep/2025:09:43:28 +0000] \"PATCH /admin/checkin-champ HTTP/1.1\" 404 - \"-\" \"PostmanRuntime/7.46.0\"\n"}
{"level":["debug"],"timestamp":"23:09:2025|15:09:35","exception":false,"message":{}}
{"level":["info"],"timestamp":"23:09:2025|15:09:77","exception":false,"message":"MongoDB connected"}
{"level":["debug"],"timestamp":"23:09:2025|15:09:69","exception":false,"message":{}}
{"level":["info"],"timestamp":"23:09:2025|15:09:63","exception":false,"message":"MongoDB connected"}
{"level":["info"],"timestamp":"23:09:2025|15:09:59","exception":false,"message":"MongoDB connected"}
{"level":["info"],"timestamp":"23:09:2025|15:09:43","exception":false,"message":"MongoDB connected"}
{"level":["info"],"timestamp":"23:09:2025|15:09:12","exception":false,"message":"MongoDB connected"}
{"level":["info"],"timestamp":"23:09:2025|15:09:63","exception":false,"message":"MongoDB connected"}
{"level":["debug"],"timestamp":"23:09:2025|15:09:93","exception":false,"message":{}}
{"level":["info"],"timestamp":"23:09:2025|15:09:98","exception":false,"message":"MongoDB connected"}
{"level":["info"],"timestamp":"23:09:2025|15:09:83","exception":false,"message":"MongoDB connected"}
{"level":["debug"],"timestamp":"23:09:2025|15:09:60","exception":false,"message":{}}
{"level":["info"],"timestamp":"23:09:2025|15:09:66","exception":false,"message":"MongoDB connected"}
{"level":["info"],"timestamp":"23:09:2025|15:09:45","exception":false,"message":"MongoDB connected"}
{"level":["debug"],"timestamp":"23:09:2025|15:09:16","exception":false,"message":{}}
{"level":["debug"],"timestamp":"23:09:2025|15:09:24","exception":false,"message":{}}
{"level":["info"],"timestamp":"23:09:2025|15:09:74","exception":false,"message":"MongoDB connected"}
{"level":["debug"],"timestamp":"23:09:2025|15:09:44","exception":false,"message":{}}
{"level":["info"],"timestamp":"23:09:2025|15:09:91","exception":false,"message":"MongoDB connected"}
{"level":["info"],"timestamp":"23:09:2025|15:09:45","exception":false,"message":"MongoDB connected"}
{"level":["info"],"timestamp":"23:09:2025|15:09:35","exception":false,"message":"MongoDB connected"}
{"level":["info"],"timestamp":"23:09:2025|15:09:28","exception":false,"message":"MongoDB connected"}
{"level":["debug"],"timestamp":"23:09:2025|15:09:28","exception":false,"message":{}}
{"level":["info"],"timestamp":"23:09:2025|15:09:18","exception":false,"message":"::ffff:127.0.0.1 - - [23/Sep/2025:09:54:31 +0000] \"GET /public/b8bd90d4-800f-412e-ad34-a5330edb557f.avif HTTP/1.1\" 404 - \"-\" \"Mozilla/5.0 (X11; Ubuntu; Linux x86_64; rv:143.0) Gecko/20100101 Firefox/143.0\"\n"}
{"level":["info"],"timestamp":"23:09:2025|15:09:26","exception":false,"message":"::ffff:127.0.0.1 - - [23/Sep/2025:09:54:39 +0000] \"GET /public/b8bd90d4-800f-412e-ad34-a5330edb557f.avif HTTP/1.1\" 404 - \"-\" \"Mozilla/5.0 (X11; Ubuntu; Linux x86_64; rv:143.0) Gecko/20100101 Firefox/143.0\"\n"}
{"level":["info"],"timestamp":"23:09:2025|15:09:58","exception":false,"message":"MongoDB connected"}
{"level":["error"],"timestamp":"23:09:2025|15:09:18","exception":true,"message":"uncaughtException: Cannot access '__dirname' before initialization"}
{"level":["info"],"timestamp":"23:09:2025|15:09:21","exception":false,"message":"MongoDB connected"}
{"level":["info"],"timestamp":"23:09:2025|15:09:61","exception":false,"message":"MongoDB connected"}
{"level":["info"],"timestamp":"23:09:2025|15:09:84","exception":false,"message":"MongoDB connected"}
{"level":["warn"],"timestamp":"23:09:2025|15:09:40","exception":false,"message":"MongoDB Disconnecting"}
{"level":["warn"],"timestamp":"23:09:2025|15:09:41","exception":false,"message":"MongoDB Disconnected"}
{"level":["info"],"timestamp":"23:09:2025|15:09:02","exception":false,"message":"MongoDB connected"}
{"level":["info"],"timestamp":"23:09:2025|15:09:46","exception":false,"message":"MongoDB connected"}
{"level":["info"],"timestamp":"23:09:2025|15:09:02","exception":false,"message":"MongoDB connected"}
{"level":["info"],"timestamp":"23:09:2025|15:09:05","exception":false,"message":"MongoDB connected"}
{"level":["info"],"timestamp":"23:09:2025|15:09:89","exception":false,"message":"MongoDB connected"}
{"level":["info"],"timestamp":"23:09:2025|15:09:92","exception":false,"message":"MongoDB connected"}
{"level":["debug"],"timestamp":"23:09:2025|15:09:14","exception":false,"message":{}}
{"level":["info"],"timestamp":"23:09:2025|15:09:09","exception":false,"message":"MongoDB connected"}
{"level":["info"],"timestamp":"23:09:2025|15:09:37","exception":false,"message":"MongoDB connected"}
{"level":["info"],"timestamp":"23:09:2025|15:09:66","exception":false,"message":"MongoDB connected"}
{"level":["info"],"timestamp":"23:09:2025|15:09:01","exception":false,"message":"MongoDB connected"}
{"level":["debug"],"timestamp":"23:09:2025|15:09:52","exception":false,"message":{}}
{"level":["info"],"timestamp":"23:09:2025|15:09:53","exception":false,"message":"MongoDB connected"}
{"level":["info"],"timestamp":"23:09:2025|15:09:78","exception":false,"message":"MongoDB connected"}
{"level":["info"],"timestamp":"23:09:2025|15:09:83","exception":false,"message":"MongoDB connected"}
{"level":["info"],"timestamp":"23:09:2025|15:09:11","exception":false,"message":"MongoDB connected"}
{"level":["info"],"timestamp":"23:09:2025|16:09:89","exception":false,"message":"MongoDB connected"}
{"level":["info"],"timestamp":"23:09:2025|16:09:33","exception":false,"message":"MongoDB connected"}
{"level":["info"],"timestamp":"23:09:2025|16:09:08","exception":false,"message":"MongoDB connected"}
{"level":["info"],"timestamp":"23:09:2025|16:09:03","exception":false,"message":"MongoDB connected"}
{"level":["info"],"timestamp":"23:09:2025|16:09:17","exception":false,"message":"MongoDB connected"}
{"level":["info"],"timestamp":"23:09:2025|16:09:11","exception":false,"message":"MongoDB connected"}
{"level":["info"],"timestamp":"23:09:2025|16:09:11","exception":false,"message":"MongoDB connected"}
{"level":["info"],"timestamp":"23:09:2025|16:09:38","exception":false,"message":"MongoDB connected"}
{"level":["info"],"timestamp":"23:09:2025|16:09:24","exception":false,"message":"MongoDB connected"}
{"level":["info"],"timestamp":"23:09:2025|16:09:46","exception":false,"message":"MongoDB connected"}
{"level":["info"],"timestamp":"23:09:2025|16:09:88","exception":false,"message":"MongoDB connected"}
{"level":["info"],"timestamp":"23:09:2025|16:09:34","exception":false,"message":"MongoDB connected"}
{"level":["info"],"timestamp":"23:09:2025|16:09:86","exception":false,"message":"MongoDB connected"}
{"level":["info"],"timestamp":"23:09:2025|16:09:25","exception":false,"message":"MongoDB connected"}
{"level":["info"],"timestamp":"23:09:2025|16:09:16","exception":false,"message":"MongoDB connected"}
{"level":["info"],"timestamp":"23:09:2025|16:09:15","exception":false,"message":"MongoDB connected"}
{"level":["info"],"timestamp":"23:09:2025|16:09:14","exception":false,"message":"MongoDB connected"}
{"level":["info"],"timestamp":"23:09:2025|16:09:69","exception":false,"message":"MongoDB connected"}
{"level":["info"],"timestamp":"23:09:2025|16:09:05","exception":false,"message":"MongoDB connected"}
{"level":["info"],"timestamp":"23:09:2025|16:09:65","exception":false,"message":"MongoDB connected"}
{"level":["info"],"timestamp":"23:09:2025|16:09:22","exception":false,"message":"MongoDB connected"}
{"level":["info"],"timestamp":"23:09:2025|16:09:49","exception":false,"message":"::1 - - [23/Sep/2025:10:56:43 +0000] \"PATCH /admin/safer-dating-badge HTTP/1.1\" 404 - \"-\" \"PostmanRuntime/7.46.0\"\n"}
{"level":["debug"],"timestamp":"23:09:2025|16:09:91","exception":false,"message":{}}
{"level":["debug"],"timestamp":"23:09:2025|16:09:99","exception":false,"message":{}}
{"level":["info"],"timestamp":"23:09:2025|16:09:51","exception":false,"message":"MongoDB connected"}
{"level":["info"],"timestamp":"23:09:2025|16:09:69","exception":false,"message":"MongoDB connected"}
{"level":["info"],"timestamp":"23:09:2025|16:09:42","exception":false,"message":"MongoDB connected"}
{"level":["info"],"timestamp":"23:09:2025|16:09:36","exception":false,"message":"MongoDB connected"}
{"level":["info"],"timestamp":"23:09:2025|16:09:89","exception":false,"message":"MongoDB connected"}
{"level":["error"],"timestamp":"23:09:2025|16:09:25","exception":true,"message":"uncaughtException: Cast to string failed for value \"[ 'VIDEO', 'ARTICLE', 'WEBINAR', 'INTERVIEW' ]\" (type Array) at path \"type\""}
{"level":["info"],"timestamp":"23:09:2025|16:09:28","exception":false,"message":"MongoDB connected"}
{"level":["error"],"timestamp":"23:09:2025|16:09:82","exception":true,"message":"uncaughtException: Cast to string failed for value \"[ 'VIDEO', 'ARTICLE', 'WEBINAR', 'INTERVIEW' ]\" (type Array) at path \"type\""}
{"level":["info"],"timestamp":"23:09:2025|16:09:84","exception":false,"message":"MongoDB connected"}
{"level":["error"],"timestamp":"23:09:2025|16:09:60","exception":true,"message":"uncaughtException: Cast to string failed for value \"[ 'VIDEO', 'ARTICLE', 'WEBINAR', 'INTERVIEW' ]\" (type Array) at path \"type\""}
{"level":["info"],"timestamp":"23:09:2025|16:09:62","exception":false,"message":"MongoDB connected"}
{"level":["error"],"timestamp":"23:09:2025|16:09:77","exception":true,"message":"uncaughtException: Cast to string failed for value \"[ 'VIDEO', 'ARTICLE', 'WEBINAR', 'INTERVIEW' ]\" (type Array) at path \"type\""}
{"level":["info"],"timestamp":"23:09:2025|16:09:80","exception":false,"message":"MongoDB connected"}
{"level":["error"],"timestamp":"23:09:2025|16:09:43","exception":true,"message":"uncaughtException: Cast to string failed for value \"[ 'VIDEO', 'ARTICLE', 'WEBINAR', 'INTERVIEW' ]\" (type Array) at path \"type\""}
{"level":["info"],"timestamp":"23:09:2025|16:09:45","exception":false,"message":"MongoDB connected"}
{"level":["error"],"timestamp":"23:09:2025|16:09:26","exception":true,"message":"uncaughtException: Cast to string failed for value \"[ 'VIDEO', 'ARTICLE', 'WEBINAR', 'INTERVIEW' ]\" (type Array) at path \"type\""}
{"level":["info"],"timestamp":"23:09:2025|16:09:28","exception":false,"message":"MongoDB connected"}
{"level":["error"],"timestamp":"23:09:2025|16:09:29","exception":true,"message":"uncaughtException: Cast to string failed for value \"[ 'VIDEO', 'ARTICLE', 'WEBINAR', 'INTERVIEW' ]\" (type Array) at path \"type\""}
{"level":["info"],"timestamp":"23:09:2025|16:09:31","exception":false,"message":"MongoDB connected"}
{"level":["error"],"timestamp":"23:09:2025|16:09:32","exception":true,"message":"uncaughtException: Cast to string failed for value \"[ 'VIDEO', 'ARTICLE', 'WEBINAR', 'INTERVIEW' ]\" (type Array) at path \"type\""}
{"level":["info"],"timestamp":"23:09:2025|16:09:34","exception":false,"message":"MongoDB connected"}
{"level":["error"],"timestamp":"23:09:2025|16:09:81","exception":true,"message":"uncaughtException: Cast to string failed for value \"[ 'VIDEO', 'ARTICLE', 'WEBINAR', 'INTERVIEW' ]\" (type Array) at path \"type\""}
{"level":["info"],"timestamp":"23:09:2025|16:09:84","exception":false,"message":"MongoDB connected"}
{"level":["error"],"timestamp":"23:09:2025|16:09:42","exception":true,"message":"uncaughtException: Cast to string failed for value \"[ 'VIDEO', 'ARTICLE', 'WEBINAR', 'INTERVIEW' ]\" (type Array) at path \"type\""}
{"level":["info"],"timestamp":"23:09:2025|16:09:45","exception":false,"message":"MongoDB connected"}
{"level":["error"],"timestamp":"23:09:2025|16:09:29","exception":true,"message":"uncaughtException: Cast to string failed for value \"[ 'VIDEO', 'ARTICLE', 'WEBINAR', 'INTERVIEW' ]\" (type Array) at path \"type\""}
{"level":["info"],"timestamp":"23:09:2025|16:09:32","exception":false,"message":"MongoDB connected"}
{"level":["error"],"timestamp":"23:09:2025|16:09:73","exception":true,"message":"uncaughtException: Cast to string failed for value \"[ 'VIDEO', 'ARTICLE', 'WEBINAR', 'INTERVIEW' ]\" (type Array) at path \"type\""}
{"level":["info"],"timestamp":"23:09:2025|16:09:75","exception":false,"message":"MongoDB connected"}
{"level":["error"],"timestamp":"23:09:2025|16:09:68","exception":true,"message":"uncaughtException: Cast to string failed for value \"[ 'VIDEO', 'ARTICLE', 'WEBINAR', 'INTERVIEW' ]\" (type Array) at path \"type\""}
{"level":["info"],"timestamp":"23:09:2025|16:09:71","exception":false,"message":"MongoDB connected"}
{"level":["error"],"timestamp":"23:09:2025|16:09:95","exception":true,"message":"uncaughtException: Cast to string failed for value \"[ 'VIDEO', 'ARTICLE', 'WEBINAR', 'INTERVIEW' ]\" (type Array) at path \"type\""}
{"level":["info"],"timestamp":"23:09:2025|16:09:97","exception":false,"message":"MongoDB connected"}
{"level":["error"],"timestamp":"23:09:2025|16:09:69","exception":true,"message":"uncaughtException: Cast to string failed for value \"[ 'VIDEO', 'ARTICLE', 'WEBINAR', 'INTERVIEW' ]\" (type Array) at path \"type\""}
{"level":["info"],"timestamp":"23:09:2025|16:09:72","exception":false,"message":"MongoDB connected"}
{"level":["error"],"timestamp":"23:09:2025|16:09:83","exception":true,"message":"uncaughtException: Cast to string failed for value \"[ 'VIDEO', 'ARTICLE', 'WEBINAR', 'INTERVIEW' ]\" (type Array) at path \"type\""}
{"level":["info"],"timestamp":"23:09:2025|16:09:85","exception":false,"message":"MongoDB connected"}
{"level":["info"],"timestamp":"23:09:2025|16:09:95","exception":false,"message":"MongoDB connected"}
{"level":["info"],"timestamp":"23:09:2025|16:09:89","exception":false,"message":"MongoDB connected"}
{"level":["debug"],"timestamp":"23:09:2025|16:09:52","exception":false,"message":{}}
{"level":["debug"],"timestamp":"23:09:2025|16:09:04","exception":false,"message":{}}
{"level":["error"],"timestamp":"23:09:2025|16:09:94","exception":true,"message":"uncaughtException: BaseContent is not defined"}
{"level":["info"],"timestamp":"23:09:2025|16:09:96","exception":false,"message":"MongoDB connected"}
{"level":["error"],"timestamp":"23:09:2025|16:09:43","exception":true,"message":"uncaughtException: BaseContent is not defined"}
{"level":["info"],"timestamp":"23:09:2025|16:09:46","exception":false,"message":"MongoDB connected"}
{"level":["info"],"timestamp":"23:09:2025|16:09:57","exception":false,"message":"MongoDB connected"}
{"level":["debug"],"timestamp":"23:09:2025|16:09:87","exception":false,"message":{}}
{"level":["info"],"timestamp":"23:09:2025|16:09:04","exception":false,"message":"MongoDB connected"}
{"level":["debug"],"timestamp":"23:09:2025|16:09:40","exception":false,"message":{"title":"safer dating badge","html_content":"<h1>safer dating badge</h1>","safer_dating_id":"68d282123f761cb4b56b1781"}}
{"level":["debug"],"timestamp":"23:09:2025|16:09:91","exception":false,"message":{}}
{"level":["debug"],"timestamp":"23:09:2025|16:09:49","exception":false,"message":{}}
{"level":["info"],"timestamp":"23:09:2025|16:09:08","exception":false,"message":"MongoDB connected"}
{"level":["debug"],"timestamp":"23:09:2025|17:09:94","exception":false,"message":{}}
{"level":["debug"],"timestamp":"23:09:2025|17:09:24","exception":false,"message":{}}
{"level":["info"],"timestamp":"23:09:2025|17:09:80","exception":false,"message":"MongoDB connected"}
{"level":["info"],"timestamp":"23:09:2025|17:09:58","exception":false,"message":"MongoDB connected"}
{"level":["info"],"timestamp":"23:09:2025|17:09:89","exception":false,"message":"MongoDB connected"}
{"level":["info"],"timestamp":"23:09:2025|17:09:69","exception":false,"message":"MongoDB connected"}
{"level":["info"],"timestamp":"23:09:2025|17:09:52","exception":false,"message":"MongoDB connected"}
{"level":["info"],"timestamp":"23:09:2025|17:09:30","exception":false,"message":"MongoDB connected"}
{"level":["info"],"timestamp":"23:09:2025|17:09:04","exception":false,"message":"MongoDB connected"}
{"level":["info"],"timestamp":"23:09:2025|17:09:08","exception":false,"message":"MongoDB connected"}
{"level":["info"],"timestamp":"23:09:2025|17:09:78","exception":false,"message":"MongoDB connected"}
{"level":["info"],"timestamp":"23:09:2025|17:09:56","exception":false,"message":"MongoDB connected"}
{"level":["info"],"timestamp":"23:09:2025|17:09:85","exception":false,"message":"MongoDB connected"}
{"level":["info"],"timestamp":"23:09:2025|17:09:73","exception":false,"message":"MongoDB connected"}
{"level":["info"],"timestamp":"23:09:2025|17:09:87","exception":false,"message":"MongoDB connected"}
{"level":["info"],"timestamp":"23:09:2025|17:09:10","exception":false,"message":"MongoDB connected"}
{"level":["info"],"timestamp":"23:09:2025|17:09:86","exception":false,"message":"MongoDB connected"}
{"level":["warn"],"timestamp":"23:09:2025|17:09:97","exception":false,"message":"MongoDB Disconnecting"}
{"level":["info"],"timestamp":"23:09:2025|17:09:73","exception":false,"message":"MongoDB connected"}
{"level":["info"],"timestamp":"23:09:2025|17:09:35","exception":false,"message":"MongoDB connected"}
{"level":["error"],"timestamp":"23:09:2025|17:09:17","exception":true,"message":"uncaughtException: updateBadge is not defined"}
{"level":["info"],"timestamp":"23:09:2025|17:09:21","exception":false,"message":"MongoDB connected"}
{"level":["error"],"timestamp":"23:09:2025|17:09:75","exception":true,"message":"uncaughtException: updateBadge is not defined"}
{"level":["info"],"timestamp":"23:09:2025|17:09:77","exception":false,"message":"MongoDB connected"}
{"level":["error"],"timestamp":"23:09:2025|17:09:14","exception":true,"message":"uncaughtException: updateBadge is not defined"}
{"level":["info"],"timestamp":"23:09:2025|17:09:17","exception":false,"message":"MongoDB connected"}
{"level":["error"],"timestamp":"23:09:2025|17:09:09","exception":true,"message":"uncaughtException: updateBadge is not defined"}
{"level":["info"],"timestamp":"23:09:2025|17:09:12","exception":false,"message":"MongoDB connected"}
{"level":["error"],"timestamp":"23:09:2025|17:09:16","exception":true,"message":"uncaughtException: updateBadge is not defined"}
{"level":["info"],"timestamp":"23:09:2025|17:09:19","exception":false,"message":"MongoDB connected"}
{"level":["error"],"timestamp":"23:09:2025|17:09:45","exception":true,"message":"uncaughtException: updateBadge is not defined"}
{"level":["info"],"timestamp":"23:09:2025|17:09:48","exception":false,"message":"MongoDB connected"}
{"level":["error"],"timestamp":"23:09:2025|17:09:06","exception":true,"message":"uncaughtException: updateBadge is not defined"}
{"level":["info"],"timestamp":"23:09:2025|17:09:09","exception":false,"message":"MongoDB connected"}
{"level":["error"],"timestamp":"23:09:2025|17:09:30","exception":true,"message":"uncaughtException: updateBadge is not defined"}
{"level":["info"],"timestamp":"23:09:2025|17:09:33","exception":false,"message":"MongoDB connected"}
{"level":["error"],"timestamp":"23:09:2025|17:09:92","exception":true,"message":"uncaughtException: updateBadge is not defined"}
{"level":["info"],"timestamp":"23:09:2025|17:09:96","exception":false,"message":"MongoDB connected"}
{"level":["error"],"timestamp":"23:09:2025|17:09:66","exception":true,"message":"uncaughtException: updateBadge is not defined"}
{"level":["info"],"timestamp":"23:09:2025|17:09:69","exception":false,"message":"MongoDB connected"}
{"level":["error"],"timestamp":"23:09:2025|17:09:42","exception":true,"message":"uncaughtException: updateBadge is not defined"}
{"level":["info"],"timestamp":"23:09:2025|17:09:45","exception":false,"message":"MongoDB connected"}
{"level":["error"],"timestamp":"23:09:2025|17:09:72","exception":true,"message":"uncaughtException: updateBadge is not defined"}
{"level":["info"],"timestamp":"23:09:2025|17:09:75","exception":false,"message":"MongoDB connected"}
{"level":["info"],"timestamp":"23:09:2025|17:09:10","exception":false,"message":"MongoDB connected"}
{"level":["info"],"timestamp":"23:09:2025|17:09:93","exception":false,"message":"MongoDB connected"}
{"level":["error"],"timestamp":"23:09:2025|17:09:07","exception":true,"message":"uncaughtException: updateBadge is not defined"}
{"level":["info"],"timestamp":"23:09:2025|17:09:10","exception":false,"message":"MongoDB connected"}
{"level":["error"],"timestamp":"23:09:2025|17:09:99","exception":true,"message":"uncaughtException: updateBadge is not defined"}
{"level":["info"],"timestamp":"23:09:2025|17:09:02","exception":false,"message":"MongoDB connected"}
{"level":["error"],"timestamp":"23:09:2025|17:09:88","exception":true,"message":"uncaughtException: deleteBadge is not defined"}
{"level":["info"],"timestamp":"23:09:2025|17:09:91","exception":false,"message":"MongoDB connected"}
{"level":["info"],"timestamp":"23:09:2025|17:09:91","exception":false,"message":"MongoDB connected"}
{"level":["info"],"timestamp":"23:09:2025|17:09:06","exception":false,"message":"MongoDB connected"}
{"level":["info"],"timestamp":"23:09:2025|17:09:17","exception":false,"message":"MongoDB connected"}
{"level":["info"],"timestamp":"23:09:2025|17:09:58","exception":false,"message":"MongoDB connected"}
{"level":["info"],"timestamp":"23:09:2025|17:09:14","exception":false,"message":"MongoDB connected"}
{"level":["info"],"timestamp":"23:09:2025|17:09:51","exception":false,"message":"MongoDB connected"}
{"level":["info"],"timestamp":"23:09:2025|17:09:33","exception":false,"message":"MongoDB connected"}
{"level":["info"],"timestamp":"23:09:2025|17:09:52","exception":false,"message":"MongoDB connected"}
{"level":["info"],"timestamp":"23:09:2025|17:09:11","exception":false,"message":"MongoDB connected"}
{"level":["info"],"timestamp":"23:09:2025|17:09:43","exception":false,"message":"MongoDB connected"}
{"level":["info"],"timestamp":"23:09:2025|17:09:32","exception":false,"message":"MongoDB connected"}
{"level":["info"],"timestamp":"23:09:2025|17:09:24","exception":false,"message":"MongoDB connected"}
{"level":["info"],"timestamp":"23:09:2025|17:09:18","exception":false,"message":"MongoDB connected"}
{"level":["info"],"timestamp":"23:09:2025|17:09:93","exception":false,"message":"MongoDB connected"}
{"level":["info"],"timestamp":"23:09:2025|17:09:09","exception":false,"message":"MongoDB connected"}
{"level":["info"],"timestamp":"23:09:2025|17:09:35","exception":false,"message":"MongoDB connected"}
{"level":["info"],"timestamp":"23:09:2025|17:09:74","exception":false,"message":"MongoDB connected"}
{"level":["info"],"timestamp":"23:09:2025|17:09:15","exception":false,"message":"MongoDB connected"}
{"level":["info"],"timestamp":"23:09:2025|17:09:02","exception":false,"message":"MongoDB connected"}
{"level":["info"],"timestamp":"23:09:2025|17:09:24","exception":false,"message":"MongoDB connected"}
{"level":["info"],"timestamp":"23:09:2025|17:09:39","exception":false,"message":"MongoDB connected"}
{"level":["info"],"timestamp":"23:09:2025|17:09:86","exception":false,"message":"MongoDB connected"}
{"level":["info"],"timestamp":"23:09:2025|17:09:28","exception":false,"message":"MongoDB connected"}
{"level":["info"],"timestamp":"23:09:2025|17:09:48","exception":false,"message":"::1 - - [23/Sep/2025:12:15:38 +0000] \"PUT /admin/update HTTP/1.1\" 404 - \"-\" \"PostmanRuntime/7.46.0\"\n"}
{"level":["info"],"timestamp":"23:09:2025|17:09:40","exception":false,"message":"MongoDB connected"}
{"level":["info"],"timestamp":"23:09:2025|17:09:54","exception":false,"message":"MongoDB connected"}
{"level":["info"],"timestamp":"23:09:2025|17:09:62","exception":false,"message":"MongoDB connected"}
{"level":["info"],"timestamp":"23:09:2025|17:09:52","exception":false,"message":"::1 - - [23/Sep/2025:12:17:13 +0000] \"PUT /admin/update/data/badge HTTP/1.1\" 404 - \"-\" \"PostmanRuntime/7.46.0\"\n"}
{"level":["info"],"timestamp":"23:09:2025|17:09:35","exception":false,"message":"::1 - - [23/Sep/2025:12:17:25 +0000] \"PUT /admin/update/data/badge/:badgeId HTTP/1.1\" 404 - \"-\" \"PostmanRuntime/7.46.0\"\n"}
{"level":["info"],"timestamp":"23:09:2025|17:09:04","exception":false,"message":"MongoDB connected"}
{"level":["info"],"timestamp":"23:09:2025|17:09:80","exception":false,"message":"::1 - - [23/Sep/2025:12:17:46 +0000] \"PUT /admin/update/badge/data/:badgeId HTTP/1.1\" 404 - \"-\" \"PostmanRuntime/7.46.0\"\n"}
{"level":["info"],"timestamp":"23:09:2025|17:09:24","exception":false,"message":"MongoDB connected"}
{"level":["info"],"timestamp":"23:09:2025|17:09:92","exception":false,"message":"::1 - - [23/Sep/2025:12:18:14 +0000] \"PUT /admin/update/badge/data/:badgeId HTTP/1.1\" 404 - \"-\" \"PostmanRuntime/7.46.0\"\n"}
{"level":["info"],"timestamp":"23:09:2025|17:09:20","exception":false,"message":"::1 - - [23/Sep/2025:12:18:16 +0000] \"PUT /admin/update/badge/data/:badgeId HTTP/1.1\" 404 - \"-\" \"PostmanRuntime/7.46.0\"\n"}
{"level":["info"],"timestamp":"23:09:2025|17:09:78","exception":false,"message":"::1 - - [23/Sep/2025:12:18:16 +0000] \"PUT /admin/update/badge/data/:badgeId HTTP/1.1\" 404 - \"-\" \"PostmanRuntime/7.46.0\"\n"}
{"level":["info"],"timestamp":"23:09:2025|17:09:11","exception":false,"message":"::1 - - [23/Sep/2025:12:18:17 +0000] \"PUT /admin/update/badge/data/:badgeId HTTP/1.1\" 404 - \"-\" \"PostmanRuntime/7.46.0\"\n"}
{"level":["warn"],"timestamp":"23:09:2025|17:09:75","exception":false,"message":"MongoDB Disconnecting"}
{"level":["info"],"timestamp":"23:09:2025|17:09:52","exception":false,"message":"MongoDB connected"}
{"level":["info"],"timestamp":"23:09:2025|17:09:28","exception":false,"message":"::1 - - [23/Sep/2025:12:19:08 +0000] \"PUT /admin/update/badge/data/:badgeId HTTP/1.1\" 404 - \"-\" \"PostmanRuntime/7.46.0\"\n"}
{"level":["info"],"timestamp":"23:09:2025|17:09:47","exception":false,"message":"MongoDB connected"}
{"level":["info"],"timestamp":"23:09:2025|17:09:41","exception":false,"message":"::1 - - [23/Sep/2025:12:19:30 +0000] \"PUT /admin/update/badge/data/:badgeId HTTP/1.1\" 404 - \"-\" \"PostmanRuntime/7.46.0\"\n"}
{"level":["info"],"timestamp":"23:09:2025|17:09:20","exception":false,"message":"MongoDB connected"}
{"level":["info"],"timestamp":"23:09:2025|17:09:03","exception":false,"message":"::1 - - [23/Sep/2025:12:19:50 +0000] \"PUT /admin/update/badge/data/:badgeId HTTP/1.1\" 404 55 \"-\" \"PostmanRuntime/7.46.0\"\n"}
{"level":["info"],"timestamp":"23:09:2025|17:09:12","exception":false,"message":"MongoDB connected"}
{"level":["info"],"timestamp":"23:09:2025|17:09:56","exception":false,"message":"::1 - - [23/Sep/2025:12:20:36 +0000] \"PUT /admin/update/badge/data/:badgeId HTTP/1.1\" 404 55 \"-\" \"PostmanRuntime/7.46.0\"\n"}
{"level":["info"],"timestamp":"23:09:2025|17:09:60","exception":false,"message":"MongoDB connected"}
{"level":["info"],"timestamp":"23:09:2025|17:09:54","exception":false,"message":"MongoDB connected"}
{"level":["info"],"timestamp":"23:09:2025|17:09:62","exception":false,"message":"::1 - - [23/Sep/2025:12:21:39 +0000] \"PUT /admin/update/badge/data/:badgeId HTTP/1.1\" 404 55 \"-\" \"PostmanRuntime/7.46.0\"\n"}
{"level":["info"],"timestamp":"23:09:2025|17:09:15","exception":false,"message":"MongoDB connected"}
{"level":["info"],"timestamp":"23:09:2025|17:09:70","exception":false,"message":"MongoDB connected"}
{"level":["debug"],"timestamp":"23:09:2025|17:09:52","exception":false,"message":{}}
{"level":["info"],"timestamp":"23:09:2025|17:09:61","exception":false,"message":"MongoDB connected"}
{"level":["debug"],"timestamp":"23:09:2025|17:09:58","exception":false,"message":{}}
{"level":["debug"],"timestamp":"23:09:2025|17:09:66","exception":false,"message":{}}
{"level":["debug"],"timestamp":"23:09:2025|17:09:44","exception":false,"message":{}}
{"level":["info"],"timestamp":"23:09:2025|17:09:00","exception":false,"message":"MongoDB connected"}
{"level":["info"],"timestamp":"23:09:2025|17:09:01","exception":false,"message":"::1 - - [23/Sep/2025:12:26:39 +0000] \"PUT /admin/delete/badge/68d2812ac7bd77c2773a73ef HTTP/1.1\" 404 55 \"-\" \"PostmanRuntime/7.46.0\"\n"}
{"level":["info"],"timestamp":"23:09:2025|17:09:28","exception":false,"message":"MongoDB connected"}
{"level":["info"],"timestamp":"23:09:2025|17:09:62","exception":false,"message":"::1 - - [23/Sep/2025:12:26:56 +0000] \"DELETE /admin/delete/badge/68d2812ac7bd77c2773a73ef HTTP/1.1\" 404 55 \"-\" \"PostmanRuntime/7.46.0\"\n"}
{"level":["info"],"timestamp":"23:09:2025|17:09:72","exception":false,"message":"MongoDB connected"}
{"level":["info"],"timestamp":"23:09:2025|17:09:42","exception":false,"message":"::1 - - [23/Sep/2025:12:27:19 +0000] \"DELETE /admin/delete/badge/68d2812ac7bd77c2773a73ef HTTP/1.1\" 404 55 \"-\" \"PostmanRuntime/7.46.0\"\n"}
{"level":["info"],"timestamp":"23:09:2025|17:09:13","exception":false,"message":"MongoDB connected"}
{"level":["debug"],"timestamp":"23:09:2025|17:09:63","exception":false,"message":{}}
{"level":["info"],"timestamp":"23:09:2025|18:09:04","exception":false,"message":"MongoDB connected"}
{"level":["info"],"timestamp":"23:09:2025|18:09:41","exception":false,"message":"MongoDB connected"}
{"level":["info"],"timestamp":"23:09:2025|18:09:26","exception":false,"message":"MongoDB connected"}
{"level":["info"],"timestamp":"23:09:2025|18:09:80","exception":false,"message":"MongoDB connected"}
{"level":["info"],"timestamp":"23:09:2025|18:09:17","exception":false,"message":"MongoDB connected"}
{"level":["info"],"timestamp":"23:09:2025|18:09:25","exception":false,"message":"::1 - - [23/Sep/2025:12:37:44 +0000] \"POST /admin/user/badge/remove HTTP/1.1\" 404 55 \"-\" \"PostmanRuntime/7.46.0\"\n"}
{"level":["info"],"timestamp":"23:09:2025|18:09:95","exception":false,"message":"MongoDB connected"}
{"level":["info"],"timestamp":"23:09:2025|18:09:57","exception":false,"message":"MongoDB connected"}
{"level":["info"],"timestamp":"23:09:2025|18:09:67","exception":false,"message":"MongoDB connected"}
{"level":["info"],"timestamp":"23:09:2025|18:09:67","exception":false,"message":"MongoDB connected"}
{"level":["info"],"timestamp":"23:09:2025|18:09:44","exception":false,"message":"MongoDB connected"}
{"level":["info"],"timestamp":"23:09:2025|18:09:92","exception":false,"message":"MongoDB connected"}
{"level":["info"],"timestamp":"23:09:2025|18:09:17","exception":false,"message":"MongoDB connected"}
{"level":["info"],"timestamp":"23:09:2025|18:09:90","exception":false,"message":"::1 - - [23/Sep/2025:12:45:54 +0000] \"PATCH /admin/cms-page HTTP/1.1\" 404 55 \"-\" \"PostmanRuntime/7.46.0\"\n"}
{"level":["info"],"timestamp":"23:09:2025|18:09:61","exception":false,"message":"MongoDB connected"}
{"level":["info"],"timestamp":"23:09:2025|18:09:72","exception":false,"message":"::1 - - [23/Sep/2025:12:47:18 +0000] \"GET /admin/cms-page HTTP/1.1\" 404 55 \"-\" \"PostmanRuntime/7.46.0\"\n"}
{"level":["info"],"timestamp":"23:09:2025|18:09:81","exception":false,"message":"MongoDB connected"}
{"level":["info"],"timestamp":"23:09:2025|18:09:82","exception":false,"message":"MongoDB connected"}
{"level":["info"],"timestamp":"23:09:2025|18:09:70","exception":false,"message":"MongoDB connected"}
{"level":["info"],"timestamp":"23:09:2025|18:09:36","exception":false,"message":"MongoDB connected"}
{"level":["info"],"timestamp":"23:09:2025|18:09:48","exception":false,"message":"MongoDB connected"}
{"level":["info"],"timestamp":"23:09:2025|18:09:22","exception":false,"message":"MongoDB connected"}
{"level":["info"],"timestamp":"23:09:2025|18:09:65","exception":false,"message":"MongoDB connected"}
{"level":["info"],"timestamp":"23:09:2025|18:09:07","exception":false,"message":"MongoDB connected"}
{"level":["info"],"timestamp":"23:09:2025|18:09:79","exception":false,"message":"MongoDB connected"}
{"level":["info"],"timestamp":"23:09:2025|18:09:45","exception":false,"message":"MongoDB connected"}
{"level":["info"],"timestamp":"23:09:2025|18:09:23","exception":false,"message":"MongoDB connected"}
{"level":["info"],"timestamp":"23:09:2025|18:09:96","exception":false,"message":"MongoDB connected"}
{"level":["info"],"timestamp":"23:09:2025|18:09:38","exception":false,"message":"MongoDB connected"}
{"level":["info"],"timestamp":"23:09:2025|18:09:70","exception":false,"message":"MongoDB connected"}
{"level":["info"],"timestamp":"23:09:2025|18:09:42","exception":false,"message":"MongoDB connected"}
{"level":["info"],"timestamp":"23:09:2025|18:09:94","exception":false,"message":"MongoDB connected"}
{"level":["info"],"timestamp":"23:09:2025|18:09:09","exception":false,"message":"MongoDB connected"}
{"level":["info"],"timestamp":"23:09:2025|18:09:48","exception":false,"message":"MongoDB connected"}
{"level":["info"],"timestamp":"23:09:2025|18:09:06","exception":false,"message":"MongoDB connected"}
{"level":["info"],"timestamp":"23:09:2025|18:09:19","exception":false,"message":"MongoDB connected"}
{"level":["info"],"timestamp":"23:09:2025|18:09:85","exception":false,"message":"MongoDB connected"}
{"level":["info"],"timestamp":"23:09:2025|18:09:73","exception":false,"message":"MongoDB connected"}
{"level":["info"],"timestamp":"23:09:2025|18:09:24","exception":false,"message":"MongoDB connected"}
{"level":["info"],"timestamp":"23:09:2025|18:09:03","exception":false,"message":"MongoDB connected"}
{"level":["info"],"timestamp":"23:09:2025|18:09:49","exception":false,"message":"::1 - - [23/Sep/2025:13:01:11 +0000] \"DELETE /user/contact/request HTTP/1.1\" 404 55 \"-\" \"PostmanRuntime/7.46.0\"\n"}
{"level":["info"],"timestamp":"23:09:2025|18:09:58","exception":false,"message":"MongoDB connected"}
{"level":["info"],"timestamp":"23:09:2025|18:09:87","exception":false,"message":"MongoDB connected"}
{"level":["info"],"timestamp":"23:09:2025|18:09:48","exception":false,"message":"MongoDB connected"}
{"level":["info"],"timestamp":"23:09:2025|18:09:31","exception":false,"message":"MongoDB connected"}
{"level":["warn"],"timestamp":"23:09:2025|18:09:54","exception":false,"message":"MongoDB Disconnected"}
